   400000.000000000000000       11.000000000000000      -11.000000000000000        1.181818181818182
   395000.000000000000000       10.967477591369816      -10.900000000000000        1.181818181818182
   390000.000000000000000       10.935627717764639      -10.800000000000001        1.185322686250989
   385000.000000000000000       10.904444892836951      -10.699999999999999        1.188774923169874
   380000.000000000000000       10.873923344282058      -10.600000000000000        1.192174395648476
   375000.000000000000000       10.844057023154489      -10.500000000000000        1.195520658772707
   370000.000000000000000       10.814839613683890      -10.400000000000000        1.198813319797387
   365000.000000000000000       10.786264543544734      -10.300000000000001        1.202052038159794
   360000.000000000000000       10.758324994549369      -10.199999999999999        1.205236525352989
   355000.000000000000000       10.731013913718886      -10.100000000000000        1.208366544660657
   350000.000000000000000       10.704324024672466      -10.000000000000000        1.211441910757414
   345000.000000000000000       10.678247839335594       -9.900000000000000        1.214462489180654
   340000.000000000000000       10.652777669872648       -9.800000000000001        1.217428195673801
   335000.000000000000000       10.627905640841615       -9.699999999999999        1.220338995412021
   330000.000000000000000       10.603623701501311       -9.600000000000000        1.223194902111545
   325000.000000000000000       10.579923638248246       -9.500000000000000        1.225995977031833
   320000.000000000000000       10.556797087116230       -9.400000000000000        1.228742327874916
   315000.000000000000000       10.534235546326004       -9.300000000000001        1.231434107591735
   310000.000000000000000       10.512230388824570       -9.199999999999999        1.234071513099398
   305000.000000000000000       10.490772874773860       -9.100000000000000        1.236654783919134
   300000.000000000000000       10.469854163974279       -9.000000000000000        1.239184200742715
   295000.000000000000000       10.449465328153188       -8.900000000000000        1.241660083932372
   290000.000000000000000       10.429597363110330       -8.800000000000001        1.244082791965930
   285000.000000000000000       10.410241200681913       -8.699999999999999        1.246452719831854
   280000.000000000000000       10.391387720478228       -8.600000000000000        1.248770297382586
   275000.000000000000000       10.373027761392727       -8.500000000000000        1.251035987655527
   270000.000000000000000       10.355152132832520       -8.400000000000000        1.253250285165974
   265000.000000000000000       10.337751625653109       -8.300000000000001        1.255413714182103
   260000.000000000000000       10.320817022791740       -8.199999999999999        1.257526826988233
   255000.000000000000000       10.304339109554341       -8.100000000000000        1.259590202141143
   250000.000000000000000       10.288308683552243       -8.000000000000000        1.261604442729005
   245000.000000000000000       10.272716564282810       -7.900000000000000        1.263570174637440
   240000.000000000000000       10.257553602318456       -7.800000000000000        1.265488044827371
   235000.000000000000000       10.242810688114517       -7.699999999999999        1.267358719632884
   230000.000000000000000       10.228478760417577       -7.600000000000000        1.269182883081579
   225000.000000000000000       10.214548814267943       -7.500000000000000        1.270961235243282
   220000.000000000000000       10.201011908595412       -7.400000000000000        1.272694490611398
   215000.000000000000000       10.187859173405243       -7.300000000000000        1.274383376520338
   210000.000000000000000       10.175081816545370       -7.199999999999999        1.276028631602572
   205000.000000000000000       10.162671130068992       -7.100000000000000        1.277631004289432
   200000.000000000000000       10.150618496187654       -7.000000000000000        1.279191251356743
   195000.000000000000000       10.138915392817111       -6.899999999999999        1.280710136518529
   190000.000000000000000       10.127553398717289       -6.800000000000000        1.282188429071005
   185000.000000000000000       10.116524198253485       -6.699999999999999        1.283626902588983
   180000.000000000000000       10.105819585754736       -6.600000000000000        1.285026333673409
   175000.000000000000000       10.095431469503623       -6.500000000000000        1.286387500755004
   170000.000000000000000       10.085351875355702       -6.399999999999999        1.287711182951469
   165000.000000000000000       10.075572949995451       -6.300000000000000        1.288998158980100
   160000.000000000000000       10.066086963853987       -6.199999999999999        1.290249206126374
   155000.000000000000000       10.056886313678636       -6.100000000000000        1.291465099266608
   150000.000000000000000       10.047963524784103       -6.000000000000000        1.292646609947093
   145000.000000000000000       10.039311252993041       -5.899999999999999        1.293794505516910
   140000.000000000000000       10.030922286265074       -5.800000000000000        1.294909548314311
   135000.000000000000000       10.022789546055524       -5.699999999999999        1.295992494907508
   130000.000000000000000       10.014906088385633       -5.600000000000000        1.297044095385217
   125000.000000000000000       10.007265104651655       -5.499999999999999        1.298065092699791
   120000.000000000000000        9.999859922195963       -5.399999999999999        1.299056222059835
   115000.000000000000000        9.992684004633157       -5.300000000000000        1.300018210369612
   110000.000000000000000        9.985730951954510       -5.199999999999999        1.300951775716363
   105000.000000000000000        9.978994500423504       -5.100000000000000        1.301857626902666
   100000.000000000000000        9.972468522274543       -4.999999999999999        1.302736463022230
    95000.000000000000000        9.966147025225226       -4.899999999999999        1.303588973077544
    90000.000000000000000        9.960024151817834       -4.800000000000000        1.304415835637967
    85000.000000000000000        9.954094178589262       -4.699999999999999        1.305217718536087
    80000.000000000000000        9.948351515110755       -4.600000000000000        1.305995278602278
    75000.000000000000000        9.942790702863990       -4.499999999999999        1.306749161431825
    70000.000000000000000        9.937406414013415       -4.399999999999999        1.307480001188740
    65000.000000000000000        9.932193450037685       -4.300000000000000        1.308188420438135
    60000.000000000000000        9.927146740272706       -4.199999999999999        1.308875030011691
    55000.000000000000000        9.922261340344775       -4.100000000000000        1.309540428898997
    50000.000000000000000        9.917532430519689       -3.999999999999999        1.310185204167207
    45000.000000000000000        9.912955313968737       -3.899999999999999        1.310809930905241
    40000.000000000000000        9.908525414966054       -3.800000000000000        1.311415172192009
    35000.000000000000000        9.904238277020159       -3.699999999999999        1.312001479086335
    30000.000000000000000        9.900089560948430       -3.600000000000000        1.312569390637808
    25000.000000000000000        9.896075042908553       -3.499999999999999        1.313119433916979
    20000.000000000000000        9.892190612378613       -3.399999999999999        1.313652124062630
    15000.000000000000000        9.888432270111156       -3.299999999999999        1.314167964346787
    10000.000000000000000        9.884796126050617       -3.199999999999999        1.314667446253729
     5000.000000000000000        9.881278397230478       -3.100000000000000        1.315151049573952
        0.000000000000000        9.877875405653066       -3.000000000000000        1.315619242510528
