   400000.000000000000000       11.000000000000000      -11.000000000000000        1.181818181818182
   397500.000000000000000       10.983654397325365      -10.949999999999999        1.181818181818182
   395000.000000000000000       10.967477591370262      -10.900000000000000        1.183576934391311
   392500.000000000000000       10.951468923778435      -10.850000000000000        1.185322686250941
   390000.000000000000000       10.935627717764888      -10.800000000000001        1.187055370423750
   387500.000000000000000       10.919953278390262      -10.750000000000000        1.188774923169847
   385000.000000000000000       10.904444892837315      -10.699999999999999        1.190481283992853
   382500.000000000000000       10.889101830700941      -10.650000000000000        1.192174395648436
   380000.000000000000000       10.873923344282471      -10.600000000000000        1.193854204150020
   377500.000000000000000       10.858908668891099      -10.550000000000001        1.195520658772661
   375000.000000000000000       10.844057023154974      -10.500000000000000        1.197173712054763
   372500.000000000000000       10.829367609343407      -10.449999999999999        1.198813319797333
   370000.000000000000000       10.814839613683777      -10.400000000000000        1.200439441060603
   367500.000000000000000       10.800472206699249      -10.350000000000000        1.202052038159807
   365000.000000000000000       10.786264543544471      -10.300000000000001        1.203651076657226
   362500.000000000000000       10.772215764344619      -10.250000000000000        1.205236525353018
   360000.000000000000000       10.758324994549515      -10.199999999999999        1.206808356274223
   357500.000000000000000       10.744591345287601      -10.150000000000000        1.208366544660640
   355000.000000000000000       10.731013913718373      -10.100000000000000        1.209911068949270
   352500.000000000000000       10.717591783404323      -10.050000000000001        1.211441910757472
   350000.000000000000000       10.704324024673177      -10.000000000000000        1.212959054862481
   347500.000000000000000       10.691209694989045       -9.949999999999999        1.214462489180573
   345000.000000000000000       10.678247839335345       -9.900000000000000        1.215952204743780
   342500.000000000000000       10.665437490581203       -9.850000000000000        1.217428195673830
   340000.000000000000000       10.652777669872631       -9.800000000000001        1.218890459156549
   337500.000000000000000       10.640267387010862       -9.750000000000000        1.220338995412023
   335000.000000000000000       10.627905640840996       -9.699999999999999        1.221773807664814
   332500.000000000000000       10.615691419639271       -9.650000000000000        1.223194902111617
   330000.000000000000000       10.603623701501951       -9.600000000000000        1.224602287887693
   327500.000000000000000       10.591701454734796       -9.550000000000001        1.225995977031759
   325000.000000000000000       10.579923638248324       -9.500000000000000        1.227375984449470
   322500.000000000000000       10.568289201945646       -9.449999999999999        1.228742327874907
   320000.000000000000000       10.556797087117012       -9.400000000000000        1.230095027831626
   317500.000000000000000       10.545446226829819       -9.350000000000000        1.231434107591644
   315000.000000000000000       10.534235546327086       -9.300000000000001        1.232759593133696
   312500.000000000000000       10.523163963407242       -9.250000000000000        1.234071513099272
   310000.000000000000000       10.512230388823902       -9.199999999999999        1.235369898749615
   307500.000000000000000       10.501433726671930       -9.150000000000000        1.236654783919212
   305000.000000000000000       10.490772874773450       -9.100000000000000        1.237926204969719
   302500.000000000000000       10.480246725063779       -9.050000000000001        1.239184200742763
   300000.000000000000000       10.469854163973903       -9.000000000000000        1.240428812511653
   297500.000000000000000       10.459594072815449       -8.949999999999999        1.241660083932417
   295000.000000000000000       10.449465328153089       -8.900000000000000        1.242878060993503
   292500.000000000000000       10.439466802184230       -8.850000000000000        1.244082791965942
   290000.000000000000000       10.429597363110513       -8.800000000000001        1.245274327351665
   287500.000000000000000       10.419855875505247       -8.750000000000000        1.246452719831832
   285000.000000000000000       10.410241200682069       -8.699999999999999        1.247618024214720
   282500.000000000000000       10.400752197049783       -8.650000000000000        1.248770297382567
   280000.000000000000000       10.391387720477969       -8.600000000000000        1.249909598239203
   277500.000000000000000       10.382146624646186       -8.550000000000001        1.251035987655559
   275000.000000000000000       10.373027761393473       -8.500000000000000        1.252149528416338
   272500.000000000000000       10.364029981059671       -8.449999999999999        1.253250285165884
   270000.000000000000000       10.355152132831751       -8.400000000000000        1.254338324354289
   267500.000000000000000       10.346393065073059       -8.350000000000000        1.255413714182196
   265000.000000000000000       10.337751625652640       -8.300000000000001        1.256476524546983
   262500.000000000000000       10.329226662274674       -8.250000000000000        1.257526826988290
   260000.000000000000000       10.320817022791321       -8.199999999999999        1.258564694632926
   257500.000000000000000       10.312521555521245       -8.150000000000000        1.259590202141194
   255000.000000000000000       10.304339109553590       -8.100000000000000        1.260603425651983
   252500.000000000000000       10.296268535052155       -8.050000000000001        1.261604442729097
   250000.000000000000000       10.288308683552433       -8.000000000000000        1.262593332307076
   247500.000000000000000       10.280458408248911       -7.949999999999999        1.263570174637417
   245000.000000000000000       10.272716564283538       -7.900000000000000        1.264535051235552
   242500.000000000000000       10.265082009019341       -7.850000000000000        1.265488044827281
   240000.000000000000000       10.257553602319042       -7.800000000000000        1.266429239296641
   237500.000000000000000       10.250130206802192       -7.750000000000000        1.267358719632812
   235000.000000000000000       10.242810688114568       -7.699999999999999        1.268276571879345
   232500.000000000000000       10.235593915173387       -7.650000000000000        1.269182883081573
   230000.000000000000000       10.228478760417815       -7.600000000000000        1.270077741236746
   227500.000000000000000       10.221464100049648       -7.550000000000000        1.270961235243253
   225000.000000000000000       10.214548814267285       -7.500000000000000        1.271833454850842
   222500.000000000000000       10.207731787494431       -7.449999999999999        1.272694490611480
   220000.000000000000000       10.201011908595575       -7.400000000000000        1.273544433830677
   217500.000000000000000       10.194388071100523       -7.350000000000000        1.274383376520318
   215000.000000000000000       10.187859173404718       -7.300000000000000        1.275211411350226
   212500.000000000000000       10.181424118976169       -7.250000000000000        1.276028631602637
   210000.000000000000000       10.175081816544369       -7.199999999999999        1.276835131125769
   207500.000000000000000       10.168831180301080       -7.149999999999999        1.277631004289558
   205000.000000000000000       10.162671130069342       -7.100000000000000        1.278416345939878
   202500.000000000000000       10.156600591490175       -7.050000000000000        1.279191251356699
   200000.000000000000000       10.150618496188525       -7.000000000000000        1.279955816210022
   197500.000000000000000       10.144723781937540       -6.949999999999999        1.280710136518419
   195000.000000000000000       10.138915392817033       -6.899999999999999        1.281454308607812
   192500.000000000000000       10.133192279363932       -6.850000000000000        1.282188429071015
   190000.000000000000000       10.127553398718133       -6.800000000000000        1.282912594728344
   187500.000000000000000       10.121997714761770       -6.750000000000000        1.283626902588876
   185000.000000000000000       10.116524198254224       -6.699999999999999        1.284331449812619
   182500.000000000000000       10.111131826955999       -6.649999999999999        1.285026333673315
   180000.000000000000000       10.105819585755423       -6.600000000000000        1.285711651522766
   177500.000000000000000       10.100586466777695       -6.550000000000000        1.286387500754916
   175000.000000000000000       10.095431469503648       -6.500000000000000        1.287053978772312
   172500.000000000000000       10.090353600866656       -6.449999999999999        1.287711182951466
   170000.000000000000000       10.085351875355709       -6.399999999999999        1.288359210611156
   167500.000000000000000       10.080425315107213       -6.350000000000000        1.288998158980099
   165000.000000000000000       10.075572949995337       -6.300000000000000        1.289628125166238
   162500.000000000000000       10.070793817714343       -6.250000000000000        1.290249206126389
   160000.000000000000000       10.066086963853959       -6.199999999999999        1.290861498637102
   157500.000000000000000       10.061451441975960       -6.149999999999999        1.291465099266612
   155000.000000000000000       10.056886313678438       -6.100000000000000        1.292060104346828
   152500.000000000000000       10.052390648662312       -6.050000000000000        1.292646609947118
   150000.000000000000000       10.047963524784452       -6.000000000000000        1.293224711848015
   147500.000000000000000       10.043604028117910       -5.949999999999999        1.293794505516865
   145000.000000000000000       10.039311252993006       -5.899999999999999        1.294356086082786
   142500.000000000000000       10.035084302047817       -5.850000000000000        1.294909548314316
   140000.000000000000000       10.030922286265515       -5.800000000000000        1.295454986596091
   137500.000000000000000       10.026824325009667       -5.750000000000000        1.295992494907451
   135000.000000000000000       10.022789546056551       -5.699999999999999        1.296522166801548
   132500.000000000000000       10.018817085621166       -5.649999999999999        1.297044095385084
   130000.000000000000000       10.014906088384844       -5.600000000000000        1.297558373299117
   127500.000000000000000       10.011055707508486       -5.550000000000000        1.298065092699893
   125000.000000000000000       10.007265104650820       -5.499999999999999        1.298564345241806
   122500.000000000000000       10.003533449984010       -5.449999999999999        1.299056222059944
   120000.000000000000000        9.999859922195887       -5.399999999999999        1.299540813753242
   117500.000000000000000        9.996243708499660       -5.350000000000000        1.300018210369622
   115000.000000000000000        9.992684004634024       -5.300000000000000        1.300488501390406
   112500.000000000000000        9.989180014857942       -5.249999999999999        1.300951775716250
   110000.000000000000000        9.985730951954235       -5.199999999999999        1.301408121654005
   107500.000000000000000        9.982336037213084       -5.149999999999999        1.301857626902702
   105000.000000000000000        9.978994500424047       -5.100000000000000        1.302300378542396
   102500.000000000000000        9.975705579861909       -5.050000000000000        1.302736463022159
   100000.000000000000000        9.972468522274347       -4.999999999999999        1.303165966149129
    97500.000000000000000        9.969282582855175       -4.949999999999999        1.303588973077569
    95000.000000000000000        9.966147025226146       -4.899999999999999        1.304005568300065
    92500.000000000000000        9.963061121412604       -4.850000000000000        1.304415835637846
    90000.000000000000000        9.960024151817400       -4.800000000000000        1.304819858232166
    87500.000000000000000        9.957035405188382       -4.749999999999999        1.305217718536144
    85000.000000000000000        9.954094178589934       -4.699999999999999        1.305609498307699
    82500.000000000000000        9.951199777365943       -4.649999999999999        1.305995278602190
    80000.000000000000000        9.948351515110062       -4.600000000000000        1.306375139766420
    77500.000000000000000        9.945548713620546       -4.550000000000000        1.306749161431916
    75000.000000000000000        9.942790702864629       -4.499999999999999        1.307117422510469
    72500.000000000000000        9.940076820936612       -4.449999999999999        1.307480001188656
    70000.000000000000000        9.937406414012894       -4.399999999999999        1.307836974923405
    67500.000000000000000        9.934778836310961       -4.350000000000000        1.308188420438203
    65000.000000000000000        9.932193450037305       -4.300000000000000        1.308534413718991
    62500.000000000000000        9.929649625342542       -4.249999999999999        1.308875030011742
    60000.000000000000000        9.927146740272471       -4.199999999999999        1.309210343819311
    57500.000000000000000        9.924684180713708       -4.149999999999999        1.309540428899028
    55000.000000000000000        9.922261340345315       -4.100000000000000        1.309865358261218
    52500.000000000000000        9.919877620581756       -4.050000000000000        1.310185204167135
    50000.000000000000000        9.917532430519415       -3.999999999999999        1.310500038128253
    47500.000000000000000        9.915225186884648       -3.949999999999999        1.310809930905277
    45000.000000000000000        9.912955313969526       -3.899999999999999        1.311114952507154
    42500.000000000000000        9.910722243576764       -3.850000000000000        1.311415172191905
    40000.000000000000000        9.908525414966274       -3.800000000000000        1.311710658466433
    37500.000000000000000        9.906364274786903       -3.749999999999999        1.312001479086305
    35000.000000000000000        9.904238277019687       -3.699999999999999        1.312287701057676
    32500.000000000000000        9.902146882920302       -3.649999999999999        1.312569390637870
    30000.000000000000000        9.900089560948921       -3.600000000000000        1.312846613336248
    27500.000000000000000        9.898065786713865       -3.550000000000000        1.313119433916914
    25000.000000000000000        9.896075042908606       -3.499999999999999        1.313387916399773
    22500.000000000000000        9.894116819241855       -3.449999999999999        1.313652124062623
    20000.000000000000000        9.892190612379082       -3.399999999999999        1.313912119444344
    17500.000000000000000        9.890295925874984       -3.350000000000000        1.314167964346725
    15000.000000000000000        9.888432270111647       -3.299999999999999        1.314419719837645
    12500.000000000000000        9.886599162225160       -3.249999999999999        1.314667446253664
    10000.000000000000000        9.884796126050492       -3.199999999999999        1.314911203204289
     7500.000000000000000        9.883022692045785       -3.149999999999999        1.315151049573968
     5000.000000000000000        9.881278397230094       -3.100000000000000        1.315387043526964
     2500.000000000000000        9.879562785118878       -3.049999999999999        1.315619242510579
        0.000000000000000        9.877875405652421       -3.000000000000000        1.315847703258821
