   400000.000000000000000       11.000000000000000      -11.000000000000000        1.181818181818182
   390000.000000000000000       10.935627717765042      -10.800000000000001        1.181818181818182
   380000.000000000000000       10.873923344282536      -10.600000000000000        1.188774923169830
   370000.000000000000000       10.814839613683736      -10.400000000000000        1.195520658772654
   360000.000000000000000       10.758324994550390      -10.199999999999999        1.202052038159811
   350000.000000000000000       10.704324024672095      -10.000000000000000        1.208366544660542
   340000.000000000000000       10.652777669872211       -9.800000000000001        1.214462489180696
   330000.000000000000000       10.603623701501633       -9.600000000000000        1.220338995412071
   320000.000000000000000       10.556797087116124       -9.400000000000000        1.225995977031796
   310000.000000000000000       10.512230388823992       -9.199999999999999        1.231434107591747
   300000.000000000000000       10.469854163974716       -9.000000000000000        1.236654783919202
   290000.000000000000000       10.429597363110847       -8.800000000000001        1.241660083932320
   280000.000000000000000       10.391387720478757       -8.600000000000000        1.246452719831792
   270000.000000000000000       10.355152132832416       -8.400000000000000        1.251035987655464
   260000.000000000000000       10.320817022792426       -8.199999999999999        1.255413714182116
   250000.000000000000000       10.288308683552039       -8.000000000000000        1.259590202141060
   240000.000000000000000       10.257553602318090       -7.800000000000000        1.263570174637465
   230000.000000000000000       10.228478760417854       -7.600000000000000        1.267358719632930
   220000.000000000000000       10.201011908595657       -7.400000000000000        1.270961235243248
   210000.000000000000000       10.175081816545369       -7.199999999999999        1.274383376520308
   200000.000000000000000       10.150618496187780       -7.000000000000000        1.277631004289432
   190000.000000000000000       10.127553398717527       -6.800000000000000        1.280710136518513
   180000.000000000000000       10.105819585754682       -6.600000000000000        1.283626902588953
   170000.000000000000000       10.085351875354807       -6.399999999999999        1.286387500755010
   160000.000000000000000       10.066086963854239       -6.199999999999999        1.288998158980215
   150000.000000000000000       10.047963524784937       -6.000000000000000        1.291465099266576
   140000.000000000000000       10.030922286264548       -5.800000000000000        1.293794505516803
   130000.000000000000000       10.014906088385182       -5.600000000000000        1.295992494907576
   120000.000000000000000        9.999859922195540       -5.399999999999999        1.298065092699850
   110000.000000000000000        9.985730951954222       -5.199999999999999        1.300018210369667
   100000.000000000000000        9.972468522274308       -4.999999999999999        1.301857626902704
    90000.000000000000000        9.960024151817546       -4.800000000000000        1.303588973077574
    80000.000000000000000        9.948351515110236       -4.600000000000000        1.305217718536125
    70000.000000000000000        9.937406414012731       -4.399999999999999        1.306749161431893
    60000.000000000000000        9.927146740273011       -4.199999999999999        1.308188420438225
    50000.000000000000000        9.917532430519934       -3.999999999999999        1.309540428898957
    40000.000000000000000        9.908525414966526       -3.800000000000000        1.310809930905209
    30000.000000000000000        9.900089560948839       -3.600000000000000        1.312001479086272
    20000.000000000000000        9.892190612379064       -3.399999999999999        1.313119433916925
    10000.000000000000000        9.884796126050169       -3.199999999999999        1.314167964346727
        0.000000000000000        9.877875405652105       -3.000000000000000        1.315151049574011
