   400000.000000000000000       11.000000000000000      -11.000000000000000        1.181818181818182
   380000.000000000000000       10.873923344282060      -10.600000000000000        1.181818181818182
   360000.000000000000000       10.758324994549879      -10.199999999999999        1.195520658772707
   340000.000000000000000       10.652777669872203       -9.800000000000001        1.208366544660600
   320000.000000000000000       10.556797087116710       -9.400000000000000        1.220338995412072
   300000.000000000000000       10.469854163973798       -9.000000000000000        1.231434107591679
   280000.000000000000000       10.391387720478562       -8.600000000000000        1.241660083932429
   260000.000000000000000       10.320817022791928       -8.199999999999999        1.251035987655487
   240000.000000000000000       10.257553602318170       -7.800000000000000        1.259590202141120
   220000.000000000000000       10.201011908595721       -7.400000000000000        1.267358719632920
   200000.000000000000000       10.150618496188777       -7.000000000000000        1.274383376520300
   180000.000000000000000       10.105819585754471       -6.600000000000000        1.280710136518388
   160000.000000000000000       10.066086963854101       -6.199999999999999        1.286387500755037
   140000.000000000000000       10.030922286264593       -5.800000000000000        1.291465099266594
   120000.000000000000000        9.999859922196446       -5.399999999999999        1.295992494907571
   100000.000000000000000        9.972468522274712       -4.999999999999999        1.300018210369549
    80000.000000000000000        9.948351515110385       -4.600000000000000        1.303588973077522
    60000.000000000000000        9.927146740272711       -4.199999999999999        1.306749161431873
    40000.000000000000000        9.908525414966901       -3.800000000000000        1.309540428898996
    20000.000000000000000        9.892190612378219       -3.399999999999999        1.312001479086222
        0.000000000000000        9.877875405652489       -3.000000000000000        1.314167964346840
