   400000.000000000000000       11.000000000000000      -11.000000000000000        1.181818181818182
   398750.000000000000000       10.991806058651646      -10.975000000000000        1.181818181818182
   397500.000000000000000       10.983654397325200      -10.949999999999999        1.182699178882228
   396250.000000000000000       10.975544935470040      -10.925000000000001        1.183576934391329
   395000.000000000000000       10.967477591370798      -10.900000000000000        1.184451439671798
   393750.000000000000000       10.959452282149400      -10.875000000000000        1.185322686250883
   392500.000000000000000       10.951468923778112      -10.850000000000000        1.186190665857838
   391250.000000000000000       10.943527431085929      -10.824999999999999        1.187055370423785
   390000.000000000000000       10.935627717764131      -10.800000000000001        1.187916792082277
   388750.000000000000000       10.927769696382983      -10.775000000000000        1.188774923169929
   387500.000000000000000       10.919953278389139      -10.750000000000000        1.189629756225821
   386250.000000000000000       10.912178374127510      -10.725000000000000        1.190481283992975
   385000.000000000000000       10.904444892837585      -10.699999999999999        1.191329499417152
   383750.000000000000000       10.896752742671044      -10.675000000000001        1.192174395648407
   382500.000000000000000       10.889101830701243      -10.650000000000000        1.193015966040301
   381250.000000000000000       10.881492062925332      -10.625000000000000        1.193854204149987
   380000.000000000000000       10.873923344283227      -10.600000000000000        1.194689103739064
   378750.000000000000000       10.866395578656538      -10.574999999999999        1.195520658772578
   377500.000000000000000       10.858908668890658      -10.550000000000001        1.196348863420197
   376250.000000000000000       10.851462516794914      -10.525000000000000        1.197173712054811
   375000.000000000000000       10.844057023155568      -10.500000000000000        1.197995199253536
   373750.000000000000000       10.836692087747359      -10.475000000000000        1.198813319797267
   372500.000000000000000       10.829367609343450      -10.449999999999999        1.199628068670384
   371250.000000000000000       10.822083485722548      -10.425000000000001        1.200439441060599
   370000.000000000000000       10.814839613683093      -10.400000000000000        1.201247432359097
   368750.000000000000000       10.807635889054202      -10.375000000000000        1.202052038159883
   367500.000000000000000       10.800472206699810      -10.350000000000000        1.202853254259443
   366250.000000000000000       10.793348460537104      -10.324999999999999        1.203651076657164
   365000.000000000000000       10.786264543544718      -10.300000000000001        1.204445501554120
   363750.000000000000000       10.779220347768689      -10.275000000000000        1.205236525352991
   362500.000000000000000       10.772215764344203      -10.250000000000000        1.206024144658200
   361250.000000000000000       10.765250683494848      -10.225000000000000        1.206808356274269
   360000.000000000000000       10.758324994549650      -10.199999999999999        1.207589157206663
   358750.000000000000000       10.751438585956588      -10.175000000000001        1.208366544660625
   357500.000000000000000       10.744591345286777      -10.150000000000000        1.209140516040380
   356250.000000000000000       10.737783159253940      -10.125000000000000        1.209911068949363
   355000.000000000000000       10.731013913718805      -10.100000000000000        1.210678201188712
   353750.000000000000000       10.724283493703229      -10.074999999999999        1.211441910757423
   352500.000000000000000       10.717591783403751      -10.050000000000001        1.212202195851402
   351250.000000000000000       10.710938666202388      -10.025000000000000        1.212959054862546
   350000.000000000000000       10.704324024672076      -10.000000000000000        1.213712486378116
   348750.000000000000000       10.697747740600157       -9.975000000000000        1.214462489180698
   347500.000000000000000       10.691209694989503       -9.949999999999999        1.215209062246095
   346250.000000000000000       10.684709768075120       -9.925000000000001        1.215952204743727
   345000.000000000000000       10.678247839335500       -9.900000000000000        1.216691916035262
   343750.000000000000000       10.671823787503490       -9.875000000000000        1.217428195673812
   342500.000000000000000       10.665437490580622       -9.850000000000000        1.218161043403168
   341250.000000000000000       10.659088825846570       -9.824999999999999        1.218890459156616
   340000.000000000000000       10.652777669871810       -9.800000000000001        1.219616443056286
   338750.000000000000000       10.646503898530291       -9.775000000000000        1.220338995412117
   337500.000000000000000       10.640267387010795       -9.750000000000000        1.221058116720795
   336250.000000000000000       10.634068009829182       -9.725000000000000        1.221773807664821
   335000.000000000000000       10.627905640840581       -9.699999999999999        1.222486069111460
   333750.000000000000000       10.621780153253850       -9.675000000000001        1.223194902111664
   332500.000000000000000       10.615691419639903       -9.650000000000000        1.223900307898729
   331250.000000000000000       10.609639311943068       -9.625000000000000        1.224602287887620
   330000.000000000000000       10.603623701502418       -9.600000000000000        1.225300843673936
   328750.000000000000000       10.597644459050240       -9.574999999999999        1.225995977031705
   327500.000000000000000       10.591701454735770       -9.550000000000001        1.226687689913788
   326250.000000000000000       10.585794558130900       -9.525000000000000        1.227375984449357
   325000.000000000000000       10.579923638247966       -9.500000000000000        1.228060862943421
   323750.000000000000000       10.574088563545960       -9.475000000000000        1.228742327874949
   322500.000000000000000       10.568289201945575       -9.449999999999999        1.229420381896303
   321250.000000000000000       10.562525420842270       -9.425000000000001        1.230095027831634
   320000.000000000000000       10.556797087116605       -9.400000000000000        1.230766268675485
   318750.000000000000000       10.551104067149121       -9.375000000000000        1.231434107591691
   317500.000000000000000       10.545446226830483       -9.350000000000000        1.232098547911732
   316250.000000000000000       10.539823431573637       -9.324999999999999        1.232759593133619
   315000.000000000000000       10.534235546327103       -9.300000000000001        1.233417246920525
   313750.000000000000000       10.528682435585861       -9.275000000000000        1.234071513099270
   312500.000000000000000       10.523163963406731       -9.250000000000000        1.234722395659056
   311250.000000000000000       10.517679993415392       -9.225000000000000        1.235369898749675
   310000.000000000000000       10.512230388823724       -9.199999999999999        1.236014026680662
   308750.000000000000000       10.506815012437883       -9.175000000000001        1.236654783919233
   307500.000000000000000       10.501433726672984       -9.150000000000000        1.237292175089283
   306250.000000000000000       10.496086393561987       -9.125000000000000        1.237926204969595
   305000.000000000000000       10.490772874773777       -9.100000000000000        1.238556878492716
   303750.000000000000000       10.485493031618411       -9.074999999999999        1.239184200742725
   302500.000000000000000       10.480246725063420       -9.050000000000001        1.239808176954506
   301250.000000000000000       10.475033815743590       -9.025000000000000        1.240428812511695
   300000.000000000000000       10.469854163974901       -9.000000000000000        1.241046112945380
   298750.000000000000000       10.464707629761403       -8.975000000000000        1.241660083932298
   297500.000000000000000       10.459594072814873       -8.949999999999999        1.242270731293847
   296250.000000000000000       10.454513352561772       -8.925000000000001        1.242878060993571
   295000.000000000000000       10.449465328152968       -8.900000000000000        1.243482079136135
   293750.000000000000000       10.444449858479565       -8.875000000000000        1.244082791965956
   292500.000000000000000       10.439466802184118       -8.850000000000000        1.244680205865094
   291250.000000000000000       10.434516017669095       -8.824999999999999        1.245274327351678
   290000.000000000000000       10.429597363111045       -8.800000000000001        1.245865163078641
   288750.000000000000000       10.424710696470205       -8.775000000000000        1.246452719831768
   287500.000000000000000       10.419855875505778       -8.750000000000000        1.247037004528268
   286250.000000000000000       10.415032757781763       -8.725000000000000        1.247618024214657
   285000.000000000000000       10.410241200681739       -8.699999999999999        1.248195786065756
   283750.000000000000000       10.405481061419373       -8.675000000000001        1.248770297382607
   282500.000000000000000       10.400752197049631       -8.650000000000000        1.249341565590887
   281250.000000000000000       10.396054464478858       -8.625000000000000        1.249909598239221
   280000.000000000000000       10.391387720478225       -8.600000000000000        1.250474402997626
   278750.000000000000000       10.386751821691316       -8.574999999999999        1.251035987655528
   277500.000000000000000       10.382146624646047       -8.550000000000001        1.251594360120483
   276250.000000000000000       10.377571985770416       -8.525000000000000        1.252149528416355
   275000.000000000000000       10.373027761392700       -8.500000000000000        1.252701500681028
   273750.000000000000000       10.368513807764748       -8.475000000000000        1.253250285165977
   272500.000000000000000       10.364029981060048       -8.449999999999999        1.253795890233043
   271250.000000000000000       10.359576137394345       -8.425000000000001        1.254338324354243
   270000.000000000000000       10.355152132831821       -8.400000000000000        1.254877596108848
   268750.000000000000000       10.350757823393945       -8.375000000000000        1.255413714182188
   267500.000000000000000       10.346393065073283       -8.350000000000000        1.255946687364132
   266250.000000000000000       10.342057713839051       -8.324999999999999        1.256476524546955
   265000.000000000000000       10.337751625652956       -8.300000000000001        1.257003234724195
   263750.000000000000000       10.333474656474731       -8.275000000000000        1.257526826988251
   262500.000000000000000       10.329226662274234       -8.250000000000000        1.258047310529230
   261250.000000000000000       10.325007499041469       -8.225000000000000        1.258564694632979
   260000.000000000000000       10.320817022791552       -8.199999999999999        1.259078988679366
   258750.000000000000000       10.316655089583875       -8.175000000000001        1.259590202141166
   257500.000000000000000       10.312521555521418       -8.150000000000000        1.260098344581214
   256250.000000000000000       10.308416276768265       -8.125000000000000        1.260603425651962
   255000.000000000000000       10.304339109553547       -8.100000000000000        1.261105455092813
   253750.000000000000000       10.300289910184294       -8.074999999999999        1.261604442729103
   252500.000000000000000       10.296268535052594       -8.050000000000001        1.262100398469989
   251250.000000000000000       10.292274840644918       -8.025000000000000        1.262593332307023
   250000.000000000000000       10.288308683552643       -8.000000000000000        1.263083254312456
   248750.000000000000000       10.284369920478966       -7.975000000000000        1.263570174637391
   247500.000000000000000       10.280458408249277       -7.949999999999999        1.264054103510365
   246250.000000000000000       10.276574003819167       -7.925000000000000        1.264535051235507
   245000.000000000000000       10.272716564283517       -7.900000000000000        1.265013028190981
   243750.000000000000000       10.268885946883238       -7.875000000000000        1.265488044827284
   242500.000000000000000       10.265082009018940       -7.850000000000000        1.265960111665832
   241250.000000000000000       10.261304608253045       -7.824999999999999        1.266429239296690
   240000.000000000000000       10.257553602318426       -7.800000000000000        1.266895438377714
   238750.000000000000000       10.253828849133290       -7.775000000000000        1.267358719632888
   237500.000000000000000       10.250130206802011       -7.750000000000000        1.267819093849887
   236250.000000000000000       10.246457533627206       -7.725000000000000        1.268276571879367
   235000.000000000000000       10.242810688113954       -7.699999999999999        1.268731164632861
   233750.000000000000000       10.239189528983150       -7.675000000000000        1.269182883081649
   232500.000000000000000       10.235593915173336       -7.650000000000000        1.269631738254485
   231250.000000000000000       10.232023705850338       -7.625000000000000        1.270077741236753
   230000.000000000000000       10.228478760417225       -7.600000000000000        1.270520903168649
   228750.000000000000000       10.224958938519443       -7.574999999999999        1.270961235243326
   227500.000000000000000       10.221464100049815       -7.550000000000000        1.271398748705624
   226250.000000000000000       10.217994105160582       -7.525000000000000        1.271833454850822
   225000.000000000000000       10.214548814267403       -7.500000000000000        1.272265365022512
   223750.000000000000000       10.211128088057780       -7.475000000000000        1.272694490611465
   222500.000000000000000       10.207731787493710       -7.449999999999999        1.273120843053951
   221250.000000000000000       10.204359773827097       -7.425000000000000        1.273544433830767
   220000.000000000000000       10.201011908595589       -7.400000000000000        1.273965274464682
   218750.000000000000000       10.197688053640025       -7.375000000000000        1.274383376520316
   217500.000000000000000       10.194388071100338       -7.350000000000000        1.274798751601320
   216250.000000000000000       10.191111823433008       -7.324999999999999        1.275211411350249
   215000.000000000000000       10.187859173405698       -7.300000000000000        1.275621367445734
   213750.000000000000000       10.184629984112346       -7.275000000000000        1.276028631602515
   212500.000000000000000       10.181424118975949       -7.250000000000000        1.276433215568904
   211250.000000000000000       10.178241441753263       -7.225000000000000        1.276835131125796
   210000.000000000000000       10.175081816544356       -7.199999999999999        1.277234390085432
   208750.000000000000000       10.171945107793970       -7.175000000000000        1.277631004289559
   207500.000000000000000       10.168831180300923       -7.149999999999999        1.278024985608614
   206250.000000000000000       10.165739899219492       -7.125000000000000        1.278416345939897
   205000.000000000000000       10.162671130068777       -7.100000000000000        1.278805097206758
   203750.000000000000000       10.159624738738874       -7.074999999999999        1.279191251356770
   202500.000000000000000       10.156600591489738       -7.050000000000000        1.279574820360314
   201250.000000000000000       10.153598554964045       -7.024999999999999        1.279955816210077
   200000.000000000000000       10.150618496188716       -7.000000000000000        1.280334250918790
   198750.000000000000000       10.147660282576044       -6.975000000000000        1.280710136518395
   197500.000000000000000       10.144723781937785       -6.949999999999999        1.281083485059265
   196250.000000000000000       10.141808862480890       -6.925000000000000        1.281454308607781
   195000.000000000000000       10.138915392816660       -6.899999999999999        1.281822619246242
   193750.000000000000000       10.136043241966920       -6.875000000000000        1.282188429071062
   192500.000000000000000       10.133192279364158       -6.850000000000000        1.282551750191362
   191250.000000000000000       10.130362374856226       -6.824999999999999        1.282912594728315
   190000.000000000000000       10.127553398718209       -6.800000000000000        1.283270974813919
   188750.000000000000000       10.124765221643427       -6.774999999999999        1.283626902588866
   187500.000000000000000       10.121997714761926       -6.750000000000000        1.283980390203050
   186250.000000000000000       10.119250749632879       -6.725000000000000        1.284331449812599
   185000.000000000000000       10.116524198253812       -6.699999999999999        1.284680093580212
   183750.000000000000000       10.113817933066759       -6.675000000000000        1.285026333673368
   182500.000000000000000       10.111131826956218       -6.649999999999999        1.285370182262919
   181250.000000000000000       10.108465753256212       -6.625000000000000        1.285711651522738
   180000.000000000000000       10.105819585755274       -6.600000000000000        1.286050753628200
   178750.000000000000000       10.103193198694441       -6.574999999999999        1.286387500754935
   177500.000000000000000       10.100586466777798       -6.550000000000000        1.286721905078475
   176250.000000000000000       10.097999265170689       -6.524999999999999        1.287053978772299
   175000.000000000000000       10.095431469503335       -6.500000000000000        1.287383734007457
   173750.000000000000000       10.092882955878132       -6.475000000000000        1.287711182951506
   172500.000000000000000       10.090353600866649       -6.449999999999999        1.288036337766976
   171250.000000000000000       10.087843281516747       -6.425000000000000        1.288359210611157
   170000.000000000000000       10.085351875355414       -6.399999999999999        1.288679813634595
   168750.000000000000000       10.082879260387955       -6.375000000000000        1.288998158980137
   167500.000000000000000       10.080425315106499       -6.350000000000000        1.289314258782447
   166250.000000000000000       10.077989918486995       -6.324999999999999        1.289628125166330
   165000.000000000000000       10.075572949995422       -6.300000000000000        1.289939770246534
   163750.000000000000000       10.073174289587076       -6.274999999999999        1.290249206126378
   162500.000000000000000       10.070793817714044       -6.250000000000000        1.290556444897262
   161250.000000000000000       10.068431415321117       -6.225000000000000        1.290861498637141
   160000.000000000000000       10.066086963854312       -6.199999999999999        1.291164379410473
   158750.000000000000000       10.063760345256947       -6.175000000000000        1.291465099266566
   157500.000000000000000       10.061451441975807       -6.149999999999999        1.291763670239515
   156250.000000000000000       10.059160136964239       -6.125000000000000        1.292060104346847
   155000.000000000000000       10.056886313678078       -6.100000000000000        1.292354413588576
   153750.000000000000000       10.054629856085464       -6.074999999999999        1.292646609947164
   152500.000000000000000       10.052390648661882       -6.050000000000000        1.292936705385716
   151250.000000000000000       10.050168576394150       -6.024999999999999        1.293224711848070
   150000.000000000000000       10.047963524784679       -6.000000000000000        1.293510641257742
   148750.000000000000000       10.045775379847623       -5.975000000000000        1.293794505516836
   147500.000000000000000       10.043604028117628       -5.949999999999999        1.294076316506013
   146250.000000000000000       10.041449356642659       -5.925000000000000        1.294356086082822
   145000.000000000000000       10.039311252992725       -5.899999999999999        1.294633826082107
   143750.000000000000000       10.037189605257424       -5.875000000000000        1.294909548314352
   142500.000000000000000       10.035084302047842       -5.850000000000000        1.295183264565479
   141250.000000000000000       10.032995232497466       -5.824999999999999        1.295454986596088
   140000.000000000000000       10.030922286265422       -5.800000000000000        1.295724726140827
   138750.000000000000000       10.028865353532780       -5.774999999999999        1.295992494907463
   137500.000000000000000       10.026824325009258       -5.750000000000000        1.296258304576859
   136250.000000000000000       10.024799091929669       -5.725000000000000        1.296522166801601
   135000.000000000000000       10.022789546055986       -5.699999999999999        1.296784093205965
   133750.000000000000000       10.020795579679625       -5.675000000000000        1.297044095385158
   132500.000000000000000       10.018817085621318       -5.649999999999999        1.297302184904527
   131250.000000000000000       10.016853957229916       -5.625000000000000        1.297558373299097
   130000.000000000000000       10.014906088384635       -5.600000000000000        1.297812672073243
   128750.000000000000000       10.012973373497374       -5.574999999999999        1.298065092699921
   127500.000000000000000       10.011055707508156       -5.550000000000000        1.298315646619892
   126250.000000000000000       10.009152985890850       -5.524999999999999        1.298564345241849
   125000.000000000000000       10.007265104651056       -5.499999999999999        1.298811199941206
   123750.000000000000000       10.005391960325003       -5.475000000000000        1.299056222059913
   122500.000000000000000       10.003533449984248       -5.449999999999999        1.299299422906139
   121250.000000000000000       10.001689471229003       -5.425000000000000        1.299540813753211
   120000.000000000000000        9.999859922196308       -5.399999999999999        1.299780405840031
   118750.000000000000000        9.998044701552246       -5.374999999999999        1.300018210369567
   117500.000000000000000        9.996243708500186       -5.350000000000000        1.300254238509424
   116250.000000000000000        9.994456842771941       -5.324999999999999        1.300488501390338
   115000.000000000000000        9.992684004633647       -5.300000000000000        1.300721010106886
   113750.000000000000000        9.990925094885116       -5.274999999999999        1.300951775716299
   112500.000000000000000        9.989180014858951       -5.249999999999999        1.301180809238115
   111250.000000000000000        9.987448666416341       -5.225000000000000        1.301408121653874
   110000.000000000000000        9.985730951954302       -5.199999999999999        1.301633723907250
   108750.000000000000000        9.984026774400487       -5.175000000000000        1.301857626902693
   107500.000000000000000        9.982336037213582       -5.149999999999999        1.302079841505695
   106250.000000000000000        9.980658644380295       -5.124999999999999        1.302300378542331
   105000.000000000000000        9.978994500423994       -5.100000000000000        1.302519248799254
   103750.000000000000000        9.977343510391478       -5.074999999999999        1.302736463022166
   102500.000000000000000        9.975705579862606       -5.050000000000000        1.302952031917153
   101250.000000000000000        9.974080614945329       -5.024999999999999        1.303165966149038
   100000.000000000000000        9.972468522275044       -4.999999999999999        1.303378276341639
    98750.000000000000000        9.970869209014122       -4.975000000000000        1.303588973077478
    97500.000000000000000        9.969282582854916       -4.949999999999999        1.303798066897458
    96250.000000000000000        9.967708552011295       -4.925000000000000        1.304005568300099
    95000.000000000000000        9.966147025226167       -4.899999999999999        1.304211487742270
    93750.000000000000000        9.964597911763175       -4.874999999999999        1.304415835637844
    92500.000000000000000        9.963061121413116       -4.850000000000000        1.304618622358414
    91250.000000000000000        9.961536564485669       -4.824999999999999        1.304819858232099
    90000.000000000000000        9.960024151817073       -4.800000000000000        1.305019553544269
    88750.000000000000000        9.958523794759525       -4.774999999999999        1.305217718536187
    87500.000000000000000        9.957035405187799       -4.749999999999999        1.305414363406049
    86250.000000000000000        9.955558895494438       -4.725000000000000        1.305609498307776
    85000.000000000000000        9.954094178589553       -4.699999999999999        1.305803133351296
    83750.000000000000000        9.952641167899500       -4.675000000000000        1.305995278602240
    82500.000000000000000        9.951199777366721       -4.649999999999999        1.306185944081780
    81250.000000000000000        9.949769921447334       -4.624999999999999        1.306375139766318
    80000.000000000000000        9.948351515109881       -4.600000000000000        1.306562875587476
    78750.000000000000000        9.946944473837565       -4.574999999999999        1.306749161431939
    77500.000000000000000        9.945548713620177       -4.550000000000000        1.306934007140844
    76250.000000000000000        9.944164150959754       -4.524999999999999        1.307117422510518
    75000.000000000000000        9.942790702864924       -4.499999999999999        1.307299417291429
    73750.000000000000000        9.941428286849719       -4.475000000000000        1.307480001188617
    72500.000000000000000        9.940076820935959       -4.449999999999999        1.307659183861547
    71250.000000000000000        9.938736223648762       -4.425000000000000        1.307836974923491
    70000.000000000000000        9.937406414013166       -4.399999999999999        1.308013383941824
    68750.000000000000000        9.936087311558838       -4.374999999999999        1.308188420438168
    67500.000000000000000        9.934778836311105       -4.350000000000000        1.308362093887486
    66250.000000000000000        9.933480908796794       -4.324999999999999        1.308534413718972
    65000.000000000000000        9.932193450037632       -4.300000000000000        1.308705389314997
    63750.000000000000000        9.930916381549240       -4.274999999999999        1.308875030011698
    62500.000000000000000        9.929649625342558       -4.249999999999999        1.309043345098831
    61250.000000000000000        9.928393103919564       -4.225000000000000        1.309210343819309
    60000.000000000000000        9.927146740272383       -4.199999999999999        1.309376035369492
    58750.000000000000000        9.925910457881317       -4.175000000000000        1.309540428899040
    57500.000000000000000        9.924684180714028       -4.149999999999999        1.309703533510904
    56250.000000000000000        9.923467833222498       -4.124999999999999        1.309865358261175
    55000.000000000000000        9.922261340344509       -4.100000000000000        1.310025912159222
    53750.000000000000000        9.921064627498410       -4.074999999999999        1.310185204167242
    52500.000000000000000        9.919877620581119       -4.050000000000000        1.310343243200699
    51250.000000000000000        9.918700245970978       -4.024999999999999        1.310500038128338
    50000.000000000000000        9.917532430520179       -3.999999999999999        1.310655597771559
    48750.000000000000000        9.916374101557512       -3.975000000000000        1.310809930905176
    47500.000000000000000        9.915225186884346       -3.949999999999999        1.310963046256813
    46250.000000000000000        9.914085614775164       -3.925000000000000        1.311114952507194
    45000.000000000000000        9.912955313968933       -3.899999999999999        1.311265658289841
    43750.000000000000000        9.911834213677675       -3.874999999999999        1.311415172191983
    42500.000000000000000        9.910722243576874       -3.850000000000000        1.311563502753190
    41250.000000000000000        9.909619333805971       -3.824999999999999        1.311710658466418
    40000.000000000000000        9.908525414966771       -3.800000000000000        1.311856647777722
    38750.000000000000000        9.907440418119535       -3.774999999999999        1.312001479086240
    37500.000000000000000        9.906364274787069       -3.749999999999999        1.312145160744499
    36250.000000000000000        9.905296916942884       -3.725000000000000        1.312287701057654
    35000.000000000000000        9.904238277019825       -3.699999999999999        1.312429108284848
    33750.000000000000000        9.903188287900665       -3.675000000000000        1.312569390637852
    32500.000000000000000        9.902146882919869       -3.649999999999999        1.312708556282112
    31250.000000000000000        9.901113995859877       -3.624999999999999        1.312846613336305
    30000.000000000000000        9.900089560948423       -3.600000000000000        1.312983569872634
    28750.000000000000000        9.899073512861676       -3.574999999999999        1.313119433916980
    27500.000000000000000        9.898065786713634       -3.550000000000000        1.313254213448294
    26250.000000000000000        9.897066318064947       -3.524999999999999        1.313387916399803
    25000.000000000000000        9.896075042907835       -3.499999999999999        1.313520550657655
    23750.000000000000000        9.895091897678341       -3.475000000000000        1.313652124062725
    22500.000000000000000        9.894116819241304       -3.449999999999999        1.313782644408806
    21250.000000000000000        9.893149744898096       -3.425000000000000        1.313912119444417
    20000.000000000000000        9.892190612378435       -3.399999999999999        1.314040556871598
    18750.000000000000000        9.891239359842480       -3.374999999999999        1.314167964346811
    17500.000000000000000        9.890295925874963       -3.350000000000000        1.314294349480491
    16250.000000000000000        9.889360249487314       -3.324999999999999        1.314419719837648
    15000.000000000000000        9.888432270110677       -3.299999999999999        1.314544082937412
    13750.000000000000000        9.887511927600354       -3.274999999999999        1.314667446253793
    12500.000000000000000        9.886599162225462       -3.249999999999999        1.314789817214919
    11250.000000000000000        9.885693914674480       -3.225000000000000        1.314911203204249
    10000.000000000000000        9.884796126050714       -3.199999999999999        1.315031611559670
     8750.000000000000000        9.883905737866467       -3.174999999999999        1.315151049573939
     7500.000000000000000        9.883022692045284       -3.149999999999999        1.315269524495301
     6250.000000000000000        9.882146930920824       -3.124999999999999        1.315387043527031
     5000.000000000000000        9.881278397230030       -3.100000000000000        1.315503613827431
     3750.000000000000000        9.880417034115332       -3.074999999999999        1.315619242510587
     2500.000000000000000        9.879562785119047       -3.049999999999999        1.315733936645923
     1250.000000000000000        9.878715594184509       -3.024999999999999        1.315847703258799
        0.000000000000000        9.877875405652750       -3.000000000000000        1.315960549330214
