   400000.000000000000000       11.000000000000000      -11.000000000000000        1.181818181818182
   399375.000000000000000       10.995897739334803      -10.987500000000001        1.181818181818182
   398750.000000000000000       10.991806058651742      -10.975000000000000        1.182259084994586
   398125.000000000000000       10.987724947992602      -10.962500000000000        1.182699178882218
   397500.000000000000000       10.983654397325033      -10.949999999999999        1.183138462377967
   396875.000000000000000       10.979594396544027      -10.937500000000000        1.183576934391347
   396250.000000000000000       10.975544935469880      -10.925000000000001        1.184014593844370
   395625.000000000000000       10.971506003853371      -10.912500000000000        1.184451439671815
   395000.000000000000000       10.967477591370269      -10.900000000000000        1.184887470820705
   394375.000000000000000       10.963459687624901      -10.887499999999999        1.185322686250940
   393750.000000000000000       10.959452282149577      -10.875000000000000        1.185757084934955
   393125.000000000000000       10.955455364403580      -10.862500000000001        1.186190665857819
   392500.000000000000000       10.951468923778428      -10.850000000000000        1.186623428017383
   391875.000000000000000       10.947492949589876      -10.837500000000000        1.187055370423751
   391250.000000000000000       10.943527431084997      -10.824999999999999        1.187486492100186
   390625.000000000000000       10.939572357441952      -10.812500000000000        1.187916792082378
   390000.000000000000000       10.935627717763932      -10.800000000000001        1.188346269418510
   389375.000000000000000       10.931693501088970      -10.787500000000000        1.188774923169950
   388750.000000000000000       10.927769696382397      -10.775000000000000        1.189202752410228
   388125.000000000000000       10.923856292540131      -10.762499999999999        1.189629756225885
   387500.000000000000000       10.919953278389340      -10.750000000000000        1.190055933716160
   386875.000000000000000       10.916060642688780      -10.737500000000001        1.190481283992953
   386250.000000000000000       10.912178374126587      -10.725000000000000        1.190905806180820
   385625.000000000000000       10.908306461325413      -10.712500000000000        1.191329499417253
   385000.000000000000000       10.904444892836899      -10.699999999999999        1.191752362852156
   384375.000000000000000       10.900593657146441      -10.687500000000000        1.192174395648481
   383750.000000000000000       10.896752742671438      -10.675000000000001        1.192595596981747
   383125.000000000000000       10.892922137762643      -10.662500000000000        1.193015966040258
   382500.000000000000000       10.889101830700785      -10.650000000000000        1.193435502025000
   381875.000000000000000       10.885291809705329      -10.637499999999999        1.193854204150037
   381250.000000000000000       10.881492062925551      -10.625000000000000        1.194272071641589
   380625.000000000000000       10.877702578444921      -10.612500000000001        1.194689103739040
   380000.000000000000000       10.873923344283090      -10.600000000000000        1.195105299694495
   379375.000000000000000       10.870154348390011      -10.587500000000000        1.195520658772593
   378750.000000000000000       10.866395578657000      -10.574999999999999        1.195935180251184
   378125.000000000000000       10.862647022904174      -10.562500000000000        1.196348863420146
   377500.000000000000000       10.858908668890837      -10.550000000000001        1.196761707582798
   376875.000000000000000       10.855180504310450      -10.537500000000000        1.197173712054792
   376250.000000000000000       10.851462516794125      -10.525000000000000        1.197584876164691
   375625.000000000000000       10.847754693908730      -10.512499999999999        1.197995199253623
   375000.000000000000000       10.844057023155667      -10.500000000000000        1.198404680675514
   374375.000000000000000       10.840369491976020      -10.487500000000001        1.198813319797257
   373750.000000000000000       10.836692087747540      -10.475000000000000        1.199221115998170
   373125.000000000000000       10.833024797785811      -10.462500000000000        1.199628068670364
   372500.000000000000000       10.829367609343354      -10.449999999999999        1.200034177218638
   371875.000000000000000       10.825720509612271      -10.437500000000000        1.200439441060609
   371250.000000000000000       10.822083485722203      -10.425000000000001        1.200843859626448
   370625.000000000000000       10.818456524742897      -10.412500000000000        1.201247432359136
   370000.000000000000000       10.814839613683375      -10.400000000000000        1.201650158714202
   369375.000000000000000       10.811232739490849      -10.387499999999999        1.202052038159851
   368750.000000000000000       10.807635889053310      -10.375000000000000        1.202453070177105
   368125.000000000000000       10.804049049200007      -10.362500000000001        1.202853254259543
   367500.000000000000000       10.800472206699165      -10.350000000000000        1.203252589913278
   366875.000000000000000       10.796905348261777      -10.337500000000000        1.203651076657236
   366250.000000000000000       10.793348460537118      -10.324999999999999        1.204048714022755
   365625.000000000000000       10.789801530120027      -10.312500000000000        1.204445501554118
   365000.000000000000000       10.786264543544309      -10.300000000000001        1.204841438807762
   364375.000000000000000       10.782737487287299      -10.287500000000000        1.205236525353037
   363750.000000000000000       10.779220347769218      -10.275000000000000        1.205630760771726
   363125.000000000000000       10.775713111353326      -10.262499999999999        1.206024144658141
   362500.000000000000000       10.772215764344843      -10.250000000000000        1.206416676619124
   361875.000000000000000       10.768728292993554      -10.237500000000001        1.206808356274198
   361250.000000000000000       10.765250683494212      -10.225000000000000        1.207199183255294
   360625.000000000000000       10.761782921985539      -10.212500000000000        1.207589157206735
   360000.000000000000000       10.758324994550239      -10.199999999999999        1.207978277785361
   359375.000000000000000       10.754876887215250      -10.187500000000000        1.208366544660559
   358750.000000000000000       10.751438585956874      -10.175000000000001        1.208753957514253
   358125.000000000000000       10.748010076691452      -10.162500000000000        1.209140516040348
   357500.000000000000000       10.744591345287164      -10.150000000000000        1.209526219945802
   356875.000000000000000       10.741182377555235      -10.137499999999999        1.209911068949320
   356250.000000000000000       10.737783159254363      -10.125000000000000        1.210295062782361
   355625.000000000000000       10.734393676091189      -10.112500000000001        1.210678201188664
   355000.000000000000000       10.731013913718076      -10.100000000000000        1.211060483924212
   354375.000000000000000       10.727643857739238      -10.087500000000000        1.211441910757505
   353750.000000000000000       10.724283493702721      -10.074999999999999        1.211822481468884
   353125.000000000000000       10.720932807108593      -10.062500000000000        1.212202195851459
   352500.000000000000000       10.717591783404778      -10.050000000000001        1.212581053710201
   351875.000000000000000       10.714260407985631      -10.037500000000000        1.212959054862430
   351250.000000000000000       10.710938666201859      -10.025000000000000        1.213336199137996
   350625.000000000000000       10.707626543347878      -10.012499999999999        1.213712486378176
   350000.000000000000000       10.704324024672026      -10.000000000000000        1.214087916437117
   349375.000000000000000       10.701031095373828       -9.987500000000001        1.214462489180704
   348750.000000000000000       10.697747740600189       -9.975000000000000        1.214836204486878
   348125.000000000000000       10.694473945455110       -9.962500000000000        1.215209062246092
   347500.000000000000000       10.691209694989469       -9.949999999999999        1.215581062360219
   346875.000000000000000       10.687954974210221       -9.937500000000000        1.215952204743731
   346250.000000000000000       10.684709768075043       -9.925000000000001        1.216322489322671
   345625.000000000000000       10.681474061495765       -9.912500000000000        1.216691916035271
   345000.000000000000000       10.678247839335024       -9.900000000000000        1.217060484831582
   344375.000000000000000       10.675031086413545       -9.887499999999999        1.217428195673866
   343750.000000000000000       10.671823787503424       -9.875000000000000        1.217795048535785
   343125.000000000000000       10.668625927332595       -9.862500000000001        1.218161043403176
   342500.000000000000000       10.665437490581628       -9.850000000000000        1.218526180273555
   341875.000000000000000       10.662258461888495       -9.837500000000000        1.218890459156501
   341250.000000000000000       10.659088825846588       -9.824999999999999        1.219253880073120
   340625.000000000000000       10.655928567007134       -9.812500000000000        1.219616443056284
   340000.000000000000000       10.652777669872034       -9.800000000000001        1.219978148150371
   339375.000000000000000       10.649636118907015       -9.787500000000000        1.220338995412092
   338750.000000000000000       10.646503898530376       -9.775000000000000        1.220698984908999
   338125.000000000000000       10.643380993119617       -9.762499999999999        1.221058116720785
   337500.000000000000000       10.640267387010805       -9.750000000000000        1.221416390938538
   336875.000000000000000       10.637163064496114       -9.737500000000001        1.221773807664820
   336250.000000000000000       10.634068009828670       -9.725000000000000        1.222130367013962
   335625.000000000000000       10.630982207220534       -9.712500000000000        1.222486069111518
   335000.000000000000000       10.627905640841380       -9.699999999999999        1.222840914094507
   334375.000000000000000       10.624838294822165       -9.687500000000000        1.223194902111572
   333750.000000000000000       10.621780153254248       -9.675000000000001        1.223548033322571
   333125.000000000000000       10.618731200189378       -9.662500000000000        1.223900307898684
   332500.000000000000000       10.615691419639774       -9.650000000000000        1.224251726022423
   331875.000000000000000       10.612660795579414       -9.637499999999999        1.224602287887635
   331250.000000000000000       10.609639311944186       -9.625000000000000        1.224951993699356
   330625.000000000000000       10.606626952630752       -9.612500000000001        1.225300843673807
   330000.000000000000000       10.603623701501402       -9.600000000000000        1.225648838038527
   329375.000000000000000       10.600629542379579       -9.587500000000000        1.225995977031823
   328750.000000000000000       10.597644459049572       -9.574999999999999        1.226342260903292
   328125.000000000000000       10.594668435263930       -9.562500000000000        1.226687689913866
   327500.000000000000000       10.591701454735446       -9.550000000000001        1.227032264334957
   326875.000000000000000       10.588743501142780       -9.537500000000000        1.227375984449394
   326250.000000000000000       10.585794558130871       -9.525000000000000        1.227718850550775
   325625.000000000000000       10.582854609308566       -9.512499999999999        1.228060862943424
   325000.000000000000000       10.579923638248488       -9.500000000000000        1.228402021942675
   324375.000000000000000       10.577001628491981       -9.487500000000001        1.228742327874888
   323750.000000000000000       10.574088563545793       -9.475000000000000        1.229081781076881
   323125.000000000000000       10.571184426884328       -9.462500000000000        1.229420381896322
   322500.000000000000000       10.568289201944943       -9.449999999999999        1.229758130691465
   321875.000000000000000       10.565402872139876       -9.437500000000000        1.230095027831708
   321250.000000000000000       10.562525420842457       -9.425000000000001        1.230431073696202
   320625.000000000000000       10.559656831397090       -9.412500000000000        1.230766268675463
   320000.000000000000000       10.556797087116401       -9.400000000000000        1.231100613170214
   319375.000000000000000       10.553946171283435       -9.387499999999999        1.231434107591715
   318750.000000000000000       10.551104067149419       -9.375000000000000        1.231766752361511
   318125.000000000000000       10.548270757934791       -9.362500000000001        1.232098547911697
   317500.000000000000000       10.545446226830572       -9.350000000000000        1.232429494684798
   316875.000000000000000       10.542630456998413       -9.337500000000000        1.232759593133608
   316250.000000000000000       10.539823431573087       -9.324999999999999        1.233088843721192
   315625.000000000000000       10.537025133657743       -9.312500000000000        1.233417246920590
   315000.000000000000000       10.534235546326052       -9.300000000000001        1.233744803215372
   314375.000000000000000       10.531454652629684       -9.287500000000000        1.234071513099393
   313750.000000000000000       10.528682435586585       -9.275000000000000        1.234397377075913
   313125.000000000000000       10.525918878189948       -9.262499999999999        1.234722395658971
   312500.000000000000000       10.523163963406393       -9.250000000000000        1.235046569372336
   311875.000000000000000       10.520417674177033       -9.237500000000001        1.235369898749714
   311250.000000000000000       10.517679993416337       -9.225000000000000        1.235692384334630
   310625.000000000000000       10.514950904010796       -9.212500000000000        1.236014026680551
   310000.000000000000000       10.512230388823713       -9.199999999999999        1.236334826351050
   309375.000000000000000       10.509518430695525       -9.187500000000000        1.236654783919235
   308750.000000000000000       10.506815012437682       -9.175000000000001        1.236973899967713
   308125.000000000000000       10.504120116841971       -9.162500000000000        1.237292175089307
   307500.000000000000000       10.501433726672614       -9.150000000000000        1.237609609885955
   306875.000000000000000       10.498755824672992       -9.137499999999999        1.237926204969639
   306250.000000000000000       10.496086393562456       -9.125000000000000        1.238241960961590
   305625.000000000000000       10.493425416037239       -9.112500000000001        1.238556878492660
   305000.000000000000000       10.490772874774221       -9.100000000000000        1.238870958203213
   304375.000000000000000       10.488128752423787       -9.087500000000000        1.239184200742672
   303750.000000000000000       10.485493031619045       -9.074999999999999        1.239496606770366
   303125.000000000000000       10.482865694969183       -9.062500000000000        1.239808176954431
   302500.000000000000000       10.480246725063761       -9.050000000000001        1.240118911972593
   301875.000000000000000       10.477636104473007       -9.037500000000000        1.240428812511655
   301250.000000000000000       10.475033815744140       -9.025000000000000        1.240737879267459
   300625.000000000000000       10.472439841408388       -9.012499999999999        1.241046112945315
   300000.000000000000000       10.469854163974087       -9.000000000000000        1.241353514259165
   299375.000000000000000       10.467276765934731       -8.987500000000001        1.241660083932395
   298750.000000000000000       10.464707629760881       -8.975000000000000        1.241965822696874
   298125.000000000000000       10.462146737909382       -8.962500000000000        1.242270731293909
   297500.000000000000000       10.459594072815346       -8.949999999999999        1.242574810473147
   296875.000000000000000       10.457049616898914       -8.937500000000000        1.242878060993515
   296250.000000000000000       10.454513352561950       -8.925000000000001        1.243180483622417
   295625.000000000000000       10.451985262190245       -8.912500000000000        1.243482079136114
   295000.000000000000000       10.449465328152346       -8.900000000000000        1.243782848319460
   294375.000000000000000       10.446953532803104       -8.887499999999999        1.244082791966030
   293750.000000000000000       10.444449858480164       -8.875000000000000        1.244381910877694
   293125.000000000000000       10.441954287504899       -8.862500000000001        1.244680205865023
   292500.000000000000000       10.439466802184851       -8.850000000000000        1.244977677747174
   291875.000000000000000       10.436987384812584       -8.837500000000000        1.245274327351590
   291250.000000000000000       10.434516017669198       -8.824999999999999        1.245570155514128
   290625.000000000000000       10.432052683017202       -8.812500000000000        1.245865163078629
   290000.000000000000000       10.429597363110892       -8.800000000000001        1.246159350897765
   289375.000000000000000       10.427150040186042       -8.787500000000000        1.246452719831787
   288750.000000000000000       10.424710696470079       -8.775000000000000        1.246745270749749
   288125.000000000000000       10.422279314176595       -8.762499999999999        1.247037004528283
   287500.000000000000000       10.419855875506133       -8.750000000000000        1.247327922052246
   286875.000000000000000       10.417440362647362       -8.737500000000001        1.247618024214614
   286250.000000000000000       10.415032757781933       -8.725000000000000        1.247907311916335
   285625.000000000000000       10.412633043073782       -8.712500000000000        1.248195786065735
   285000.000000000000000       10.410241200681732       -8.699999999999999        1.248483447579790
   284375.000000000000000       10.407857212751658       -8.687500000000000        1.248770297382608
   283750.000000000000000       10.405481061419621       -8.675000000000001        1.249056336406351
   283125.000000000000000       10.403112728813131       -8.662500000000000        1.249341565590857
   282500.000000000000000       10.400752197049954       -8.650000000000000        1.249625985883472
   281875.000000000000000       10.398399448237932       -8.637499999999999        1.249909598239182
   281250.000000000000000       10.396054464478532       -8.625000000000000        1.250192403620629
   280625.000000000000000       10.393717227864514       -8.612500000000001        1.250474402997665
   280000.000000000000000       10.391387720478530       -8.600000000000000        1.250755597347627
   279375.000000000000000       10.389065924397766       -8.587500000000000        1.251035987655491
   278750.000000000000000       10.386751821690481       -8.574999999999999        1.251315574913303
   278125.000000000000000       10.384445394421769       -8.562500000000000        1.251594360120583
   277500.000000000000000       10.382146624646532       -8.550000000000001        1.251872344283618
   276875.000000000000000       10.379855494415034       -8.537500000000000        1.252149528416296
   276250.000000000000000       10.377571985770684       -8.525000000000000        1.252425913539428
   275625.000000000000000       10.375296080752229       -8.512499999999999        1.252701500680996
   275000.000000000000000       10.373027761392590       -8.500000000000000        1.252976290875882
   274375.000000000000000       10.370767009722288       -8.487500000000001        1.253250285165991
   273750.000000000000000       10.368513807764701       -8.475000000000000        1.253523484599826
   273125.000000000000000       10.366268137538144       -8.462500000000000        1.253795890233049
   272500.000000000000000       10.364029981059449       -8.449999999999999        1.254067503128212
   271875.000000000000000       10.361799320342895       -8.437500000000000        1.254338324354316
   271250.000000000000000       10.359576137395182       -8.425000000000001        1.254608354986921
   270625.000000000000000       10.357360414223496       -8.412500000000000        1.254877596108747
   270000.000000000000000       10.355152132832238       -8.400000000000000        1.255146048808675
   269375.000000000000000       10.352951275222701       -8.387499999999999        1.255413714182137
   268750.000000000000000       10.350757823394193       -8.375000000000000        1.255680593331138
   268125.000000000000000       10.348571759345141       -8.362500000000001        1.255946687364102
   267500.000000000000000       10.346393065073055       -8.350000000000000        1.256211997395730
   266875.000000000000000       10.344221722572012       -8.337500000000000        1.256476524546983
   266250.000000000000000       10.342057713838418       -8.324999999999999        1.256740269945379
   265625.000000000000000       10.339901020867561       -8.312500000000000        1.257003234724272
   265000.000000000000000       10.337751625653354       -8.300000000000001        1.257265420023261
   264375.000000000000000       10.335609510190579       -8.287500000000000        1.257526826988203
   263750.000000000000000       10.333474656474912       -8.275000000000000        1.257787456770926
   263125.000000000000000       10.331347046503943       -8.262499999999999        1.258047310529208
   262500.000000000000000       10.329226662274788       -8.250000000000000        1.258306389426644
   261875.000000000000000       10.327113485787375       -8.237500000000001        1.258564694632912
   261250.000000000000000       10.325007499040947       -8.225000000000000        1.258822227323363
   260625.000000000000000       10.322908684040907       -8.212500000000000        1.259078988679429
   260000.000000000000000       10.320817022791891       -8.199999999999999        1.259334979887776
   259375.000000000000000       10.318732497302044       -8.187500000000000        1.259590202141125
   258750.000000000000000       10.316655089584344       -8.175000000000001        1.259844656637722
   258125.000000000000000       10.314584781650542       -8.162500000000000        1.260098344581157
   257500.000000000000000       10.312521555521490       -8.150000000000000        1.260351267181085
   256875.000000000000000       10.310465393219181       -8.137499999999999        1.260603425651953
   256250.000000000000000       10.308416276768591       -8.125000000000000        1.260854821213951
   255625.000000000000000       10.306374188201248       -8.112500000000001        1.261105455092773
   255000.000000000000000       10.304339109554064       -8.100000000000000        1.261355328519162
   254375.000000000000000       10.302311022866769       -8.087500000000000        1.261604442729039
   253750.000000000000000       10.300289910184059       -8.074999999999999        1.261852798963796
   253125.000000000000000       10.298275753560313       -8.062500000000000        1.262100398470017
   252500.000000000000000       10.296268535052546       -8.050000000000001        1.262347242498886
   251875.000000000000000       10.294268236723511       -8.037500000000000        1.262593332307028
   251250.000000000000000       10.292274840645302       -8.025000000000000        1.262838669156116
   250625.000000000000000       10.290288328893414       -8.012499999999999        1.263083254312409
   250000.000000000000000       10.288308683552305       -8.000000000000000        1.263327089047463
   249375.000000000000000       10.286335886714323       -7.987500000000000        1.263570174637433
   248750.000000000000000       10.284369920478330       -7.975000000000000        1.263812512363183
   248125.000000000000000       10.282410766951870       -7.962500000000000        1.264054103510443
   247500.000000000000000       10.280458408248784       -7.949999999999999        1.264294949369518
   246875.000000000000000       10.278512826493696       -7.937500000000000        1.264535051235568
   246250.000000000000000       10.276574003818517       -7.925000000000000        1.264774410408036
   245625.000000000000000       10.274641922364534       -7.912500000000000        1.265013028191061
   245000.000000000000000       10.272716564283559       -7.900000000000000        1.265250905893202
   244375.000000000000000       10.270797911733077       -7.887499999999999        1.265488044827279
   243750.000000000000000       10.268885946884190       -7.875000000000000        1.265724446310949
   243125.000000000000000       10.266980651915954       -7.862500000000000        1.265960111665715
   242500.000000000000000       10.265082009019665       -7.850000000000000        1.266195042217600
   241875.000000000000000       10.263190000394200       -7.837500000000000        1.266429239296601
   241250.000000000000000       10.261304608252800       -7.824999999999999        1.266662704237248
   240625.000000000000000       10.259425814816071       -7.812500000000000        1.266895438377744
   240000.000000000000000       10.257553602318662       -7.800000000000000        1.267127443060814
   239375.000000000000000       10.255687953004724       -7.787500000000000        1.267358719632859
   238750.000000000000000       10.253828849133422       -7.775000000000000        1.267589269444498
   238125.000000000000000       10.251976272971971       -7.762499999999999        1.267819093849871
   237500.000000000000000       10.250130206802270       -7.750000000000000        1.268048194207476
   236875.000000000000000       10.248290632918712       -7.737500000000000        1.268276571879335
   236250.000000000000000       10.246457533626716       -7.725000000000000        1.268504228231240
   235625.000000000000000       10.244630891248482       -7.712500000000000        1.268731164632922
   235000.000000000000000       10.242810688114782       -7.699999999999999        1.268957382457313
   234375.000000000000000       10.240996906572748       -7.687500000000000        1.269182883081547
   233750.000000000000000       10.239189528983722       -7.675000000000000        1.269407667885975
   233125.000000000000000       10.237388537720605       -7.662500000000000        1.269631738254414
   232500.000000000000000       10.235593915172370       -7.650000000000000        1.269855095574452
   231875.000000000000000       10.233805643744102       -7.637499999999999        1.270077741236872
   231250.000000000000000       10.232023705849731       -7.625000000000000        1.270299676635628
   230625.000000000000000       10.230248083925797       -7.612500000000000        1.270520903168725
   230000.000000000000000       10.228478760417691       -7.600000000000000        1.270741422236491
   229375.000000000000000       10.226715717788352       -7.587500000000000        1.270961235243268
   228750.000000000000000       10.224958938518551       -7.574999999999999        1.271180343596312
   228125.000000000000000       10.223208405101964       -7.562500000000000        1.271398748705734
   227500.000000000000000       10.221464100049570       -7.550000000000000        1.271616451985099
   226875.000000000000000       10.219726005887335       -7.537500000000000        1.271833454850852
   226250.000000000000000       10.217994105160681       -7.525000000000000        1.272049758722594
   225625.000000000000000       10.216268380428602       -7.512499999999999        1.272265365022499
   225000.000000000000000       10.214548814268017       -7.500000000000000        1.272480275176034
   224375.000000000000000       10.212835389273806       -7.487500000000000        1.272694490611389
   223750.000000000000000       10.211128088057443       -7.475000000000000        1.272908012759459
   223125.000000000000000       10.209426893248029       -7.462500000000000        1.273120843053993
   222500.000000000000000       10.207731787494499       -7.449999999999999        1.273332982931442
   221875.000000000000000       10.206042753458469       -7.437500000000000        1.273544433830669
   221250.000000000000000       10.204359773826862       -7.425000000000000        1.273755197193815
   220625.000000000000000       10.202682831299178       -7.412500000000000        1.273965274464711
   220000.000000000000000       10.201011908596342       -7.400000000000000        1.274174667090442
   219375.000000000000000       10.199346988456174       -7.387499999999999        1.274383376520222
   218750.000000000000000       10.197688053640128       -7.375000000000000        1.274591404205942
   218125.000000000000000       10.196035086921599       -7.362500000000000        1.274798751601307
   217500.000000000000000       10.194388071100711       -7.350000000000000        1.275005420163278
   216875.000000000000000       10.192746988992852       -7.337500000000000        1.275211411350202
   216250.000000000000000       10.191111823432863       -7.324999999999999        1.275416726623225
   215625.000000000000000       10.189482557278579       -7.312500000000000        1.275621367445752
   215000.000000000000000       10.187859173404894       -7.300000000000000        1.275825335282978
   214375.000000000000000       10.186241654710502       -7.287500000000000        1.276028631602615
   213750.000000000000000       10.184629984112037       -7.275000000000000        1.276231257874028
   213125.000000000000000       10.183024144547316       -7.262499999999999        1.276433215568943
   212500.000000000000000       10.181424118975249       -7.250000000000000        1.276634506161029
   211875.000000000000000       10.179829890376901       -7.237500000000000        1.276835131125884
   211250.000000000000000       10.178241441754182       -7.225000000000000        1.277035091940881
   210625.000000000000000       10.176658756128479       -7.212500000000000        1.277234390085317
   210000.000000000000000       10.175081816545156       -7.199999999999999        1.277433027040558
   209375.000000000000000       10.173510606071231       -7.187500000000000        1.277631004289459
   208750.000000000000000       10.171945107795127       -7.175000000000000        1.277828323316635
   208125.000000000000000       10.170385304826517       -7.162500000000000        1.278024985608469
   207500.000000000000000       10.168831180300877       -7.149999999999999        1.278220992653115
   206875.000000000000000       10.167282717372430       -7.137499999999999        1.278416345939903
   206250.000000000000000       10.165739899218444       -7.125000000000000        1.278611046960209
   205625.000000000000000       10.164202709042808       -7.112500000000000        1.278805097206890
   205000.000000000000000       10.162671130068897       -7.100000000000000        1.278998498173818
   204375.000000000000000       10.161145145543902       -7.087499999999999        1.279191251356755
   203750.000000000000000       10.159624738738813       -7.074999999999999        1.279383358252791
   203125.000000000000000       10.158109892947127       -7.062500000000000        1.279574820360322
   202500.000000000000000       10.156600591489322       -7.050000000000000        1.279765639179197
   201875.000000000000000       10.155096817707015       -7.037500000000000        1.279955816210129
   201250.000000000000000       10.153598554964919       -7.024999999999999        1.280145352955419
   200625.000000000000000       10.152105786653156       -7.012499999999999        1.280334250918680
   200000.000000000000000       10.150618496188333       -7.000000000000000        1.280522511604532
   199375.000000000000000       10.149136667007564       -6.987500000000000        1.280710136518444
   198750.000000000000000       10.147660282576361       -6.975000000000000        1.280897127167468
   198125.000000000000000       10.146189326381670       -6.962499999999999        1.281083485059225
   197500.000000000000000       10.144723781937362       -6.949999999999999        1.281269211702760
   196875.000000000000000       10.143263632783132       -6.937500000000000        1.281454308607835
   196250.000000000000000       10.141808862480769       -6.925000000000000        1.281638777285041
   195625.000000000000000       10.140359454620903       -6.912500000000000        1.281822619246257
   195000.000000000000000       10.138915392817253       -6.899999999999999        1.282005836003770
   194375.000000000000000       10.137476660710963       -6.887499999999999        1.282188429070987
   193750.000000000000000       10.136043241967061       -6.875000000000000        1.282370399961866
   193125.000000000000000       10.134615120278944       -6.862500000000000        1.282551750191344
   192500.000000000000000       10.133192279363616       -6.850000000000000        1.282732481274749
   191875.000000000000000       10.131774702966117       -6.837499999999999        1.282912594728383
   191250.000000000000000       10.130362374857175       -6.824999999999999        1.283092092068944
   190625.000000000000000       10.128955278832963       -6.812500000000000        1.283270974813799
   190000.000000000000000       10.127553398717319       -6.800000000000000        1.283449244481000
   189375.000000000000000       10.126156718362813       -6.787500000000000        1.283626902588979
   188750.000000000000000       10.124765221643619       -6.774999999999999        1.283803950656397
   188125.000000000000000       10.123378892466866       -6.762499999999999        1.283980390203026
   187500.000000000000000       10.121997714762289       -6.750000000000000        1.284156222748288
   186875.000000000000000       10.120621672488804       -6.737500000000000        1.284331449812553
   186250.000000000000000       10.119250749632231       -6.725000000000000        1.284506072916281
   185625.000000000000000       10.117884930207405       -6.712499999999999        1.284680093580294
   185000.000000000000000       10.116524198254565       -6.699999999999999        1.284853513325489
   184375.000000000000000       10.115168537841498       -6.687500000000000        1.285026333673272
   183750.000000000000000       10.113817933066924       -6.675000000000000        1.285198556145274
   183125.000000000000000       10.112472368054640       -6.662500000000000        1.285370182262898
   182500.000000000000000       10.111131826956658       -6.649999999999999        1.285541213548042
   181875.000000000000000       10.109796293954375       -6.637499999999999        1.285711651522682
   181250.000000000000000       10.108465753256112       -6.625000000000000        1.285881497708708
   180625.000000000000000       10.107140189101585       -6.612500000000000        1.286050753628212
   180000.000000000000000       10.105819585754851       -6.600000000000000        1.286219420802905
   179375.000000000000000       10.104503927512173       -6.587499999999999        1.286387500754989
   178750.000000000000000       10.103193198695074       -6.574999999999999        1.286554995006145
   178125.000000000000000       10.101887383657022       -6.562500000000000        1.286721905078394
   177500.000000000000000       10.100586466777635       -6.550000000000000        1.286888232493226
   176875.000000000000000       10.099290432469395       -6.537500000000000        1.287053978772319
   176250.000000000000000       10.097999265170664       -6.524999999999999        1.287219145436671
   175625.000000000000000       10.096712949348866       -6.512499999999999        1.287383734007460
   175000.000000000000000       10.095431469503957       -6.500000000000000        1.287547746005631
   174375.000000000000000       10.094154810161353       -6.487500000000000        1.287711182951427
   173750.000000000000000       10.092882955878604       -6.475000000000000        1.287874046365274
   173125.000000000000000       10.091615891240785       -6.462499999999999        1.288036337766916
   172500.000000000000000       10.090353600866052       -6.449999999999999        1.288198058675975
   171875.000000000000000       10.089096069399844       -6.437500000000000        1.288359210611233
   171250.000000000000000       10.087843281516886       -6.425000000000000        1.288519795091347
   170625.000000000000000       10.086595221923474       -6.412500000000000        1.288679813634577
   170000.000000000000000       10.085351875355041       -6.399999999999999        1.288839267758477
   169375.000000000000000       10.084113226578321       -6.387499999999999        1.288998158980185
   168750.000000000000000       10.082879260388903       -6.375000000000000        1.289156488816130
   168125.000000000000000       10.081649961612214       -6.362500000000000        1.289314258782325
   167500.000000000000000       10.080425315106915       -6.350000000000000        1.289471470394226
   166875.000000000000000       10.079205305759011       -6.337499999999999        1.289628125166276
   166250.000000000000000       10.077989918487429       -6.324999999999999        1.289784224612641
   165625.000000000000000       10.076779138239282       -6.312500000000000        1.289939770246479
   165000.000000000000000       10.075572949995550       -6.300000000000000        1.290094763580528
   164375.000000000000000       10.074371338764021       -6.287500000000000        1.290249206126362
   163750.000000000000000       10.073174289587158       -6.274999999999999        1.290403099395273
   163125.000000000000000       10.071981787536373       -6.262499999999999        1.290556444897252
   162500.000000000000000       10.070793817714007       -6.250000000000000        1.290709244141696
   161875.000000000000000       10.069610365254507       -6.237500000000000        1.290861498637145
   161250.000000000000000       10.068431415321918       -6.225000000000000        1.291013209891109
   160625.000000000000000       10.067256953112050       -6.212499999999999        1.291164379410370
   160000.000000000000000       10.066086963853579       -6.199999999999999        1.291315008700693
   159375.000000000000000       10.064921432805583       -6.187500000000000        1.291465099266661
   158750.000000000000000       10.063760345256229       -6.175000000000000        1.291614652611975
   158125.000000000000000       10.062603686528378       -6.162500000000000        1.291763670239607
   157500.000000000000000       10.061451441976169       -6.149999999999999        1.291912153651063
   156875.000000000000000       10.060303596982417       -6.137499999999999        1.292060104346801
   156250.000000000000000       10.059160136964282       -6.125000000000000        1.292207523826552
   155625.000000000000000       10.058021047369762       -6.112500000000000        1.292354413588571
   155000.000000000000000       10.056886313678678       -6.100000000000000        1.292500775130073
   154375.000000000000000       10.055755921402538       -6.087499999999999        1.292646609947087
   153750.000000000000000       10.054629856085581       -6.074999999999999        1.292791919534460
   153125.000000000000000       10.053508103303530       -6.062500000000000        1.292936705385701
   152500.000000000000000       10.052390648662243       -6.050000000000000        1.293080968993129
   151875.000000000000000       10.051277477802239       -6.037500000000000        1.293224711848024
   151250.000000000000000       10.050168576394015       -6.024999999999999        1.293367935440034
   150625.000000000000000       10.049063930143610       -6.012499999999999        1.293510641257759
   150000.000000000000000       10.047963524784524       -6.000000000000000        1.293652830788013
   149375.000000000000000       10.046867346085481       -5.987500000000000        1.293794505516856
   148750.000000000000000       10.045775379848202       -5.975000000000000        1.293935666928571
   148125.000000000000000       10.044687611903733       -5.962499999999999        1.294076316505938
   147500.000000000000000       10.043604028116896       -5.949999999999999        1.294216455730688
   146875.000000000000000       10.042524614387411       -5.937500000000000        1.294356086082917
   146250.000000000000000       10.041449356642854       -5.925000000000000        1.294495209040919
   145625.000000000000000       10.040378240846493       -5.912500000000000        1.294633826082082
   145000.000000000000000       10.039311252992707       -5.899999999999999        1.294771938681862
   144375.000000000000000       10.038248379109078       -5.887499999999999        1.294909548314354
   143750.000000000000000       10.037189605257506       -5.875000000000000        1.295046656452008
   143125.000000000000000       10.036134917528269       -5.862500000000000        1.295183264565468
   142500.000000000000000       10.035084302047920       -5.850000000000000        1.295319374124325
   141875.000000000000000       10.034037744973546       -5.837499999999999        1.295454986596078
   141250.000000000000000       10.032995232497164       -5.824999999999999        1.295590103446863
   140625.000000000000000       10.031956750842227       -5.812500000000000        1.295724726140866
   140000.000000000000000       10.030922286264556       -5.800000000000000        1.295858856140762
   139375.000000000000000       10.029891825054616       -5.787500000000000        1.295992494907575
   138750.000000000000000       10.028865353532762       -5.774999999999999        1.296125643900373
   138125.000000000000000       10.027842858054864       -5.762499999999999        1.296258304576861
   137500.000000000000000       10.026824325008807       -5.750000000000000        1.296390478392644
   136875.000000000000000       10.025809740815465       -5.737500000000000        1.296522166801659
   136250.000000000000000       10.024799091929772       -5.725000000000000        1.296653371256038
   135625.000000000000000       10.023792364836005       -5.712499999999999        1.296784093205952
   135000.000000000000000       10.022789546055652       -5.699999999999999        1.296914334100204
   134375.000000000000000       10.021790622141722       -5.687500000000000        1.297044095385201
   133750.000000000000000       10.020795579679632       -5.675000000000000        1.297173378505668
   133125.000000000000000       10.019804405289445       -5.662500000000000        1.297302184904526
   132500.000000000000000       10.018817085621162       -5.649999999999999        1.297430516022579
   131875.000000000000000       10.017833607362647       -5.637499999999999        1.297558373299117
   131250.000000000000000       10.016853957230385       -5.625000000000000        1.297685758170868
   130625.000000000000000       10.015878121976176       -5.612500000000000        1.297812672073183
   130000.000000000000000       10.014906088384777       -5.600000000000000        1.297939116439153
   129375.000000000000000       10.013937843274974       -5.587499999999999        1.298065092699902
   128750.000000000000000       10.012973373497150       -5.574999999999999        1.298190602284432
   128125.000000000000000       10.012012665935426       -5.562499999999999        1.298315646619921
   127500.000000000000000       10.011055707508795       -5.550000000000000        1.298440227131435
   126875.000000000000000       10.010102485165206       -5.537500000000000        1.298564345241766
   126250.000000000000000       10.009152985890644       -5.524999999999999        1.298688002372181
   125625.000000000000000       10.008207196703395       -5.512499999999999        1.298811199941233
   125000.000000000000000       10.007265104651497       -5.499999999999999        1.298933939365491
   124375.000000000000000       10.006326696819553       -5.487500000000000        1.299056222059856
   123750.000000000000000       10.005391960325294       -5.475000000000000        1.299178049436660
   123125.000000000000000       10.004460882319394       -5.462499999999999        1.299299422906101
   122500.000000000000000       10.003533449984186       -5.449999999999999        1.299420343876254
   121875.000000000000000       10.002609650537059       -5.437499999999999        1.299540813753219
   121250.000000000000000       10.001689471229213       -5.425000000000000        1.299660833940671
   120625.000000000000000       10.000772899343234       -5.412500000000000        1.299780405840004
   120000.000000000000000        9.999859922196441       -5.399999999999999        1.299899530850634
   119375.000000000000000        9.998950527138518       -5.387499999999999        1.300018210369549
   118750.000000000000000        9.998044701552493       -5.374999999999999        1.300136445791608
   118125.000000000000000        9.997142432857027       -5.362500000000000        1.300254238509392
   117500.000000000000000        9.996243708499390       -5.350000000000000        1.300371589912899
   116875.000000000000000        9.995348515965633       -5.337499999999999        1.300488501390441
   116250.000000000000000        9.994456842771429       -5.324999999999999        1.300604974327310
   115625.000000000000000        9.993568676466447       -5.312499999999999        1.300721010106953
   115000.000000000000000        9.992684004633167       -5.300000000000000        1.300836610110391
   114375.000000000000000        9.991802814890223       -5.287500000000000        1.300951775716361
   113750.000000000000000        9.990925094885446       -5.274999999999999        1.301066508300867
   113125.000000000000000        9.990050832302554       -5.262499999999999        1.301180809238071
   112500.000000000000000        9.989180014858908       -5.249999999999999        1.301294679899411
   111875.000000000000000        9.988312630301856       -5.237500000000000        1.301408121653879
   111250.000000000000000        9.987448666416697       -5.225000000000000        1.301521135868484
   110625.000000000000000        9.986588111017468       -5.212499999999999        1.301633723907204
   110000.000000000000000        9.985730951954791       -5.199999999999999        1.301745887132168
   109375.000000000000000        9.984877177110132       -5.187499999999999        1.301857626902630
   108750.000000000000000        9.984026774401368       -5.175000000000000        1.301968944575693
   108125.000000000000000        9.983179731774733       -5.162500000000000        1.302079841505580
   107500.000000000000000        9.982336037212651       -5.149999999999999        1.302190319044668
   106875.000000000000000        9.981495678732632       -5.137499999999999        1.302300378542453
   106250.000000000000000        9.980658644380245       -5.124999999999999        1.302410021345682
   105625.000000000000000        9.979824922239271       -5.112500000000000        1.302519248799260
   105000.000000000000000        9.978994500423727       -5.100000000000000        1.302628062244910
   104375.000000000000000        9.978167367079941       -5.087499999999999        1.302736463022201
   103750.000000000000000        9.977343510391105       -5.074999999999999        1.302844452468268
   103125.000000000000000        9.976522918569213       -5.062499999999999        1.302952031917202
   102500.000000000000000        9.975705579862879       -5.050000000000000        1.303059202701095
   101875.000000000000000        9.974891482549328       -5.037500000000000        1.303165966149002
   101250.000000000000000        9.974080614944558       -5.024999999999999        1.303272323587979
   100625.000000000000000        9.973272965393001       -5.012499999999999        1.303378276341740
   100000.000000000000000        9.972468522274262       -4.999999999999999        1.303483825732000
    99375.000000000000000        9.971667273999589       -4.987500000000000        1.303588973077580
    98750.000000000000000        9.970869209014129       -4.975000000000000        1.303693719694857
    98125.000000000000000        9.970074315795646       -4.962499999999999        1.303798066897457
    97500.000000000000000        9.969282582854468       -4.949999999999999        1.303902015996413
    96875.000000000000000        9.968493998734537       -4.937499999999999        1.304005568300157
    96250.000000000000000        9.967708552011029       -4.925000000000000        1.304108725114375
    95625.000000000000000        9.966926231294856       -4.912500000000000        1.304211487742305
    95000.000000000000000        9.966147025225727       -4.899999999999999        1.304313857484134
    94375.000000000000000        9.965370922480037       -4.887499999999999        1.304415835637901
    93750.000000000000000        9.964597911762823       -4.874999999999999        1.304517423498447
    93125.000000000000000        9.963827981816802       -4.862500000000000        1.304618622358460
    92500.000000000000000        9.963061121413176       -4.850000000000000        1.304719433507280
    91875.000000000000000        9.962297319356033       -4.837499999999999        1.304819858232091
    91250.000000000000000        9.961536564485833       -4.824999999999999        1.304919897817337
    90625.000000000000000        9.960778845672394       -4.812499999999999        1.305019553544248
    90000.000000000000000        9.960024151817041       -4.800000000000000        1.305118826691754
    89375.000000000000000        9.959272471857197       -4.787500000000000        1.305217718536191
    88750.000000000000000        9.958523794759412       -4.774999999999999        1.305316230350686
    88125.000000000000000        9.957778109526142       -4.762499999999999        1.305414363406064
    87500.000000000000000        9.957035405188801       -4.749999999999999        1.305512118969944
    86875.000000000000000        9.956295670812246       -4.737500000000000        1.305609498307644
    86250.000000000000000        9.955558895494725       -4.725000000000000        1.305706502681579
    85625.000000000000000        9.954825068366663       -4.712499999999999        1.305803133351258
    85000.000000000000000        9.954094178589436       -4.699999999999999        1.305899391573435
    84375.000000000000000        9.953366215358688       -4.687499999999999        1.305995278602256
    83750.000000000000000        9.952641167899738       -4.675000000000000        1.306090795688815
    83125.000000000000000        9.951919025472002       -4.662500000000000        1.306185944081749
    82500.000000000000000        9.951199777366732       -4.649999999999999        1.306280725026642
    81875.000000000000000        9.950483412906877       -4.637499999999999        1.306375139766316
    81250.000000000000000        9.949769921446986       -4.624999999999999        1.306469189540838
    80625.000000000000000        9.949059292375502       -4.612500000000000        1.306562875587521
    80000.000000000000000        9.948351515110037       -4.600000000000000        1.306656199140616
    79375.000000000000000        9.947646579103044       -4.587499999999999        1.306749161431919
    78750.000000000000000        9.946944473837220       -4.574999999999999        1.306841763690018
    78125.000000000000000        9.946245188827621       -4.562499999999999        1.306934007140889
    77500.000000000000000        9.945548713620521       -4.550000000000000        1.307025893007603
    76875.000000000000000        9.944855037794452       -4.537500000000000        1.307117422510472
    76250.000000000000000        9.944164150960166       -4.524999999999999        1.307208596866899
    75625.000000000000000        9.943476042758219       -4.512499999999999        1.307299417291374
    75000.000000000000000        9.942790702864702       -4.499999999999999        1.307389884995784
    74375.000000000000000        9.942108120983089       -4.487500000000000        1.307480001188646
    73750.000000000000000        9.941428286849908       -4.475000000000000        1.307569767076174
    73125.000000000000000        9.940751190234677       -4.462499999999999        1.307659183861522
    72500.000000000000000        9.940076820936445       -4.449999999999999        1.307748252744781
    71875.000000000000000        9.939405168787072       -4.437499999999999        1.307836974923427
    71250.000000000000000        9.938736223648947       -4.425000000000000        1.307925351591882
    70625.000000000000000        9.938069975416001       -4.412500000000000        1.308013383941800
    70000.000000000000000        9.937406414013699       -4.399999999999999        1.308101073161927
    69375.000000000000000        9.936745529397788       -4.387499999999999        1.308188420438098
    68750.000000000000000        9.936087311558849       -4.374999999999999        1.308275426953382
    68125.000000000000000        9.935431750513031       -4.362500000000000        1.308362093887484
    67500.000000000000000        9.934778836311130       -4.350000000000000        1.308448422417951
    66875.000000000000000        9.934128559035157       -4.337499999999999        1.308534413718969
    66250.000000000000000        9.933480908797092       -4.324999999999999        1.308620068961803
    65625.000000000000000        9.932835875739956       -4.312499999999999        1.308705389314958
    65000.000000000000000        9.932193450037721       -4.300000000000000        1.308790375944025
    64375.000000000000000        9.931553621895313       -4.287500000000000        1.308875030011687
    63750.000000000000000        9.930916381549652       -4.274999999999999        1.308959352677704
    63125.000000000000000        9.930281719266171       -4.262499999999999        1.309043345098777
    62500.000000000000000        9.929649625343282       -4.249999999999999        1.309127008428989
    61875.000000000000000        9.929020090107825       -4.237500000000000        1.309210343819213
    61250.000000000000000        9.928393103919486       -4.225000000000000        1.309293352417703
    60625.000000000000000        9.927768657168549       -4.212499999999999        1.309376035369502
    60000.000000000000000        9.927146740272306       -4.199999999999999        1.309458393816730
    59375.000000000000000        9.926527343683043       -4.187499999999999        1.309540428899050
    58750.000000000000000        9.925910457881134       -4.175000000000000        1.309622141752607
    58125.000000000000000        9.925296073377265       -4.162500000000000        1.309703533510929
    57500.000000000000000        9.924684180713479       -4.149999999999999        1.309784605304626
    56875.000000000000000        9.924074770462022       -4.137499999999999        1.309865358261248
    56250.000000000000000        9.923467833222952       -4.124999999999999        1.309945793505421
    55625.000000000000000        9.922863359629828       -4.112500000000000        1.310025912159162
    55000.000000000000000        9.922261340345084       -4.100000000000000        1.310105715341118
    54375.000000000000000        9.921661766059927       -4.087499999999999        1.310185204167166
    53750.000000000000000        9.921064627497763       -4.074999999999999        1.310264379750423
    53125.000000000000000        9.920469915410685       -4.062499999999999        1.310343243200784
    52500.000000000000000        9.919877620581701       -4.050000000000000        1.310421795625377
    51875.000000000000000        9.919287733820077       -4.037500000000000        1.310500038128261
    51250.000000000000000        9.918700245970467       -4.024999999999999        1.310577971811036
    50625.000000000000000        9.918115147903727       -4.012499999999999        1.310655597771627
    50000.000000000000000        9.917532430520250       -3.999999999999999        1.310732917105490
    49375.000000000000000        9.916952084751021       -3.987500000000000        1.310809930905167
    48750.000000000000000        9.916374101557665       -3.975000000000000        1.310886640260134
    48125.000000000000000        9.915798471928873       -3.962499999999999        1.310963046256792
    47500.000000000000000        9.915225186884957       -3.949999999999999        1.311039149978930
    46875.000000000000000        9.914654237474362       -3.937499999999999        1.311114952507113
    46250.000000000000000        9.914085614774731       -3.925000000000000        1.311190454919141
    45625.000000000000000        9.913519309894031       -3.912500000000000        1.311265658289898
    45000.000000000000000        9.912955313969370       -3.899999999999999        1.311340563691197
    44375.000000000000000        9.912393618165733       -3.887499999999999        1.311415172191925
    43750.000000000000000        9.911834213678265       -3.874999999999999        1.311489484858211
    43125.000000000000000        9.911277091731076       -3.862500000000000        1.311563502753112
    42500.000000000000000        9.910722243577180       -3.850000000000000        1.311637226936762
    41875.000000000000000        9.910169660498440       -3.837499999999999        1.311710658466378
    41250.000000000000000        9.909619333806663       -3.824999999999999        1.311783798396258
    40625.000000000000000        9.909071254838985       -3.812499999999999        1.311856647777630
    40000.000000000000000        9.908525414966935       -3.800000000000000        1.311929207659254
    39375.000000000000000        9.907981805584999       -3.787500000000000        1.312001479086218
    38750.000000000000000        9.907440418119673       -3.774999999999999        1.312073463101443
    38125.000000000000000        9.906901244026017       -3.762499999999999        1.312145160744480
    37500.000000000000000        9.906364274786455       -3.749999999999999        1.312216573051958
    36875.000000000000000        9.905829501911846       -3.737500000000000        1.312287701057736
    36250.000000000000000        9.905296916942596       -3.725000000000000        1.312358545792755
    35625.000000000000000        9.904766511446336       -3.712499999999999        1.312429108284886
    35000.000000000000000        9.904238277020138       -3.699999999999999        1.312499389559228
    34375.000000000000000        9.903712205287043       -3.687499999999999        1.312569390637810
    33750.000000000000000        9.903188287900580       -3.675000000000000        1.312639112540045
    33125.000000000000000        9.902666516542471       -3.662500000000000        1.312708556282123
    32500.000000000000000        9.902146882920245       -3.649999999999999        1.312777722877309
    31875.000000000000000        9.901629378770654       -3.637499999999999        1.312846613336255
    31250.000000000000000        9.901113995859610       -3.624999999999999        1.312915228666540
    30625.000000000000000        9.900600725978730       -3.612500000000000        1.312983569872669
    30000.000000000000000        9.900089560948683       -3.600000000000000        1.313051637956532
    29375.000000000000000        9.899580492616909       -3.587499999999999        1.313119433916946
    28750.000000000000000        9.899073512860959       -3.574999999999999        1.313186958749957
    28125.000000000000000        9.898568613582768       -3.562499999999999        1.313254213448389
    27500.000000000000000        9.898065786714287       -3.550000000000000        1.313321199002597
    26875.000000000000000        9.897565024212906       -3.537500000000000        1.313387916399717
    26250.000000000000000        9.897066318064812       -3.524999999999999        1.313454366624261
    25625.000000000000000        9.896569660282676       -3.512499999999999        1.313520550657673
    25000.000000000000000        9.896075042907878       -3.499999999999999        1.313586469478625
    24375.000000000000000        9.895582458008221       -3.487500000000000        1.313652124062719
    23750.000000000000000        9.895091897677815       -3.475000000000000        1.313717515382782
    23125.000000000000000        9.894603354039390       -3.462499999999999        1.313782644408876
    22500.000000000000000        9.894116819241926       -3.449999999999999        1.313847512107987
    21875.000000000000000        9.893632285459478       -3.437499999999999        1.313912119444335
    21250.000000000000000        9.893149744898011       -3.425000000000000        1.313976467379519
    20625.000000000000000        9.892669189785043       -3.412500000000000        1.314040556871609
    20000.000000000000000        9.892190612378773       -3.399999999999999        1.314104388876515
    19375.000000000000000        9.891714004961159       -3.387499999999999        1.314167964346766
    18750.000000000000000        9.891239359842459       -3.374999999999999        1.314231284232428
    18125.000000000000000        9.890766669360058       -3.362499999999999        1.314294349480494
    17500.000000000000000        9.890295925874977       -3.350000000000000        1.314357161035032
    16875.000000000000000        9.889827121778723       -3.337499999999999        1.314419719837646
    16250.000000000000000        9.889360249487495       -3.324999999999999        1.314482026826562
    15625.000000000000000        9.888895301442201       -3.312499999999999        1.314544082937388
    15000.000000000000000        9.888432270110606       -3.299999999999999        1.314605889103111
    14375.000000000000000        9.887971147990839       -3.287500000000000        1.314667446253802
    13750.000000000000000        9.887511927599864       -3.274999999999999        1.314728755316150
    13125.000000000000000        9.887054601487122       -3.262499999999999        1.314789817214984
    12500.000000000000000        9.886599162225465       -3.249999999999999        1.314850632871458
    11875.000000000000000        9.886145602413265       -3.237499999999999        1.314911203204248
    11250.000000000000000        9.885693914674469       -3.225000000000000        1.314971529129272
    10625.000000000000000        9.885244091661946       -3.212499999999999        1.315031611559671
    10000.000000000000000        9.884796126050656       -3.199999999999999        1.315091451405363
     9375.000000000000000        9.884350010542081       -3.187499999999999        1.315151049573946
     8750.000000000000000        9.883905737866559       -3.174999999999999        1.315210406970104
     8125.000000000000000        9.883463300774096       -3.162500000000000        1.315269524495288
     7500.000000000000000        9.883022692045703       -3.149999999999999        1.315328403048940
     6875.000000000000000        9.882583904484276       -3.137499999999999        1.315387043526975
     6250.000000000000000        9.882146930921394       -3.124999999999999        1.315445446822989
     5625.000000000000000        9.881711764209280       -3.112499999999999        1.315503613827355
     5000.000000000000000        9.881278397231071       -3.100000000000000        1.315561545428283
     4375.000000000000000        9.880846822889334       -3.087499999999999        1.315619242510448
     3750.000000000000000        9.880417034115158       -3.074999999999999        1.315676705956522
     3125.000000000000000        9.879989023865900       -3.062499999999999        1.315733936645946
     2500.000000000000000        9.879562785119370       -3.049999999999999        1.315790935455238
     1875.000000000000000        9.879138310881807       -3.037500000000000        1.315847703258756
     1250.000000000000000        9.878715594184465       -3.024999999999999        1.315904240927631
      625.000000000000000        9.878294628081235       -3.012499999999999        1.315960549330220
        0.000000000000000        9.877875405653214       -3.000000000000000        1.316016629332418
